
> batch@0.1.0 generate:md
> tsx src/generateMd.ts

[generateMd] 8993 laws to process
[1/8993] 明治五年太政官布告第三百三十七号（改暦ノ布告） ... done
[2/8993] 明治六年太政官布告第六十五号（絞罪器械図式） ... done
[3/8993] 明治八年太政官布告第五十四号（勲章制定ノ件） ... done
[4/8993] 明治八年太政官布告第百三号（裁判事務心得） ... done
[5/8993] 明治八年太政官達第百五十二号（不用物品等払下ノトキ其管庁所属ノ官吏入札禁止ノ件） ... done
[6/8993] 明治十年太政官達第九十七号（大勲位菊花大綬章及副章製式ノ件） ... done
[7/8993] 明治十四年太政官布告第六十三号（褒章条例） ... done
[8/8993] 明治十六年太政官達第二十七号（官報の発行） ... done
[9/8993] 明治十七年太政官布告第三十二号（爆発物取締罰則） ... done
[10/8993] メートル条約 ... done
[11/8993] 明治十九年勅令第五十一号（本初子午線経度計算方及標準時ノ件） ... done
[12/8993] 海底電信線保護万国連合条約ノ説明書 ... done
[13/8993] 海上法ノ要義ヲ確定スル為メ西暦千八百五十六年四月十六日巴里公会ニ於テ決定セシ宣言 ... done
[14/8993] 明治二十一年勅令第一号（宝冠章及大勲位菊花章頸飾ニ関スル件） ... done
[15/8993] 勲章佩用式 ... done
[16/8993] 明治二十二年法律第三十四号（決闘罪ニ関スル件） ... done
[17/8993] 明治二十二年勅令第百三号（帝国憲法発布記念章制定ノ件） ... done
[18/8993] 歳入歳出予算概定順序 ... done
[19/8993] 予定経費算出概則 ... done
[20/8993] 保管金規則 ... done
[21/8993] 明治二十五年閣令第四号（各官庁ニ於テ公務上在外公使領事ヲ煩ハストキ外務大臣ヘ照会ノ件） ... done
[22/8993] 明治二十六年勅令第二百六十一号（政府ノ債務ニ対シ差押命令ヲ受クル場合ニ於ケル会計上ノ規程） ... done
[23/8993] 明治二十七年勅令第二十三号（大婚二十五年祝典之章制定ノ件） ... done
[24/8993] 褒章条例取扱手続 ... done
[25/8993] 明治二十七年大蔵省令第二号（政府カ第三債務者トシテ差押ヘラレタル債務額ノ仕払停止仕払執行及供託ニ関スル手続） ... done
[26/8993] 通貨及証券模造取締法 ... done
[27/8993] 明治二十八年勅令第百六十七号（標準時ニ関スル件） ... done
[28/8993] 国債証券買入銷却法 ... done
[29/8993] 民法 ... done
[30/8993] 砂防法 ... done
[31/8993] 砂防法施行規程 ... done
[32/8993] 民法施行法 ... done
[33/8993] 外国法人の登記及び夫婦財産契約の登記に関する法律 ... done
[34/8993] 明治三十一年勅令第九十号（閏年ニ関スル件） ... done
[35/8993] 供託法 ... done
[36/8993] 船舶法 ... done
[37/8993] 商法 ... done
[38/8993] 商法施行法 ... done
[39/8993] 明治三十二年法律第五十号（外国人ノ署名捺印及無資力証明ニ関スル法律） ... done
[40/8993] 行旅病人及行旅死亡人取扱法 ... done
[41/8993] 水難救護法 ... done
[42/8993] 明治三十二年法律第百一号（国債ヲ外国ニ於テ募集スル場合ニ関スル法律） ... done
[43/8993] 明治三十二年法律第四十号（失火ノ責任ニ関スル法律） ... done
[44/8993] 日本国及希臘国間修好通商航海条約 ... done
[45/8993] 明治三十二年勅令第二百七十七号（行旅病人死亡人等ノ引取及費用弁償ニ関スル件） ... done
[46/8993] 明治三十二年大蔵省令第二十二号（英国倫敦ニ於テ募集スル公債ニ関スル手続方法） ... done
[47/8993] 明治三十二年逓信省令第十九号（商法第七百九条ニ規定スル属具目録ノ書式ノ件） ... done
[48/8993] 船舶法施行細則 ... done
[49/8993] 水難救護法施行細則 ... done
[50/8993] 鉄道営業法 ... done
[51/8993] 二十歳未満ノ者ノ喫煙ノ禁止ニ関スル法律 ... done
[52/8993] 明治三十三年法律第七十二号（地上権ニ関スル法律） ... done
[53/8993] 窒息セシムヘキ瓦斯又ハ有毒質ノ瓦斯ヲ散布スルヲ唯一ノ目的トスル投射物ノ使用ヲ各自ニ禁止スル宣言書 ... done
[54/8993] 外包硬固ナル弾丸ニシテ其ノ外包中心ノ全部ヲ蓋包セス若ハ其ノ外包ニ截刻ヲ施シタルモノノ如キ人体内ニ入テ容易ニ開展シ又ハ扁平ト為ルヘキ弾丸ノ使用ヲ各自ニ禁止スル宣言書 ... done
[55/8993] 明治三十三年勅令第三百二十九号（救恤又ハ学芸技術奨励寄附金等ノ保管出納ニ関スル件） ... done
[56/8993] 明治三十三年勅令第四百九号（相続人曠欠ノ場合ニ於テ国庫ニ帰属シタル財産ノ引渡ニ関スル件） ... done
[57/8993] 明治三十三年司法省令第二十五号（外国ニ於テ婚姻ヲ為ストキノ証明書ニ関スル件） ... done
[58/8993] 伝染病患者鉄道乗車規程 ... done
[59/8993] 日西特別通商条約 ... done
[60/8993] 明治三十五年法律第十一号（警察署内ノ留置場ニ拘禁又ハ留置セラルル者ノ費用ニ関スル法律） ... done
[61/8993] 明治三十五年法律第五十号（年齢計算ニ関スル法律） ... done
[62/8993] 明治三十五年逓信省令第十一号（船舶積量互認ノ件ニ関シ帝国政府ト瑞典及諾威国両政府トノ間ニ取極ヲ為シタル条規） ... done
[63/8993] 明治三十七年法律第十七号（記名ノ国債ヲ目的トスル質権ノ設定ニ関スル法律） ... done
[64/8993] 担保付社債信託法 ... done
[65/8993] 鉄道抵当法 ... done
[66/8993] 工場抵当法 ... done
[67/8993] 鉱業抵当法 ... done
[68/8993] 外国裁判所ノ嘱託ニ因ル共助法 ... done
[69/8993] 明治三十八年法律第六十六号（外国ニ於テ流通スル貨幣紙幣銀行券証券偽造変造及模造ニ関スル法律） ... done
[70/8993] 明治三十八年内務省令第二号（明治三十八年法律第六十六号ノ官没ニ関スル手続） ... done
[71/8993] 明治三十八年外務省令第一号（明治三十八年法律第六十六号ノ官没ニ関スル手続） ... done
[72/8993] 明治三十八年大蔵省令第五十一号（印紙貼用方ノ件） ... done
[73/8993] 鉄道抵当法施行規則 ... done
[74/8993] 明治三十九年法律第三十四号（国債ニ関スル法律） ... done
[75/8993] 紙幣類似証券取締法 ... done
[76/8993] 明治三十九年勅令第百三十七号（国債償還ノ為抽籤執行ノ場合ニ於ケル立会者ニ関スル件） ... done
[77/8993] 国有林野台帳規程 ... done
[78/8993] 刑法 ... done
[79/8993] 刑法施行法 ... done
[80/8993] 水害予防組合法 ... done
[81/8993] 公証人法 ... done
[82/8993] 北海道国有未開地処分法 ... done
[83/8993] 水害予防組合職員賠償責任及身元保証令 ... done
[84/8993] 明治四十一年勅令第二百十七号（刑法施行前ニ公布シタル命令ニ関スル件） ... done
[85/8993] 明治四十一年勅令第二百八十七号（政府ニ納ムヘキ保証金其ノ他ノ担保ニ充用スル国債ノ価格ニ関スル件） ... done
[86/8993] 勲章褫奪令 ... done
[87/8993] 勲章褫奪令施行細則 ... done
[88/8993] 明治四十一年内務省令第十三号（水害予防組合法ニ依ル予算調製ノ式及費目流用其ノ他財務ニ関スル件） ... done
[89/8993] 水害予防組合法第八十二条ニ依ル水害予防組合吏員服務紀律 ... done
[90/8993] 明治四十二年法律第八号（登録国債ノ担保充用ニ関スル法律） ... done
[91/8993] 明治四十二年法律第九号（政府ニ対スル保証金其ノ他ノ担保ニ供シタル国債ノ買入銷却ニ関スル法律） ... done
[92/8993] 明治四十二年法律第二十二号（立木ニ関スル法律） ... done
[93/8993] 明治四十二年法律第二十八号（軌道ノ抵当ニ関スル法律） ... done
[94/8993] 印紙犯罪処罰法 ... done
[95/8993] 明治四十二年勅令第百二十号（刑法施行後施行ノ命令ニ掲ケタル刑法ノ刑名ニ関スル件） ... done
[96/8993] 軌道抵当取扱規則 ... done
[97/8993] 明治四十二年内務省令第十三号（印紙犯罪処罰法第五条ノ官没手続） ... done
[98/8993] 明治四十二年大蔵省令第二十八号（印紙犯罪処罰法第五条ノ官没手続） ... done
[99/8993] 関税定率法 ... done
[100/8993] 明治四十三年法律第五十六号（立木ノ先取特権ニ関スル法律） ... done
[101/8993] 第三回四分利付英貨公債発行規程 ... done
[102/8993] 臘虎膃肭獣猟獲取締法 ... done
[103/8993] 明治四十五年逓信省令第三十三号（船舶積量互認ノ件ニ関シ帝国政府ト和蘭国政府トノ間ニ取極ヲ為シタル条規） ... done
[104/8993] 大正元年閣令第一号（大喪中ノ国旗掲揚方） ... done
[105/8993] 運河法 ... done
[106/8993] 運河法施行規則 ... done
[107/8993] 大正三年法律第三十七号（公共団体ノ管理スル公共用土地物件ノ使用ニ関スル法律） ... done
[108/8993] 発電水力調査図表類交付規則 ... done
[109/8993] 大正四年法律第十三号（日本学士院学術研究奨励金委任経理ニ関スル法律） ... done
[110/8993] 大正四年法律第十八号（法人ノ役員処罰ニ関スル法律） ... done
[111/8993] 大正四年勅令第百五十四号（大礼記念章制定ノ件） ... done
[112/8993] 大正五年法律第十号（証券ヲ以テスル歳入納付ニ関スル法律） ... done
[113/8993] 海底電信線保護万国連合条約罰則 ... done
[114/8993] 大正五年勅令第二百五十六号（歳入納付ニ使用スル証券ニ関スル件） ... done
[115/8993] 大正五年司法省令第三十五号（司法省主管歳入証券納付ニ関スル件） ... done
[116/8993] 大正五年大蔵省令第三十号（歳入納付ニ使用スル証券ニ関スル件ニ依ル証券ノ納付ニ関スル制限ノ件） ... done
[117/8993] 大正五年大蔵省令第三十一号（財務省主管歳入証券納付ニ関スル件） ... done
[118/8993] 大正五年大蔵省令第三十二号（証券ヲ以テスル歳入納付ニ関スル法律施行細則） ... done
[119/8993] 大正五年農商務省令第三十号（農商省主管歳入証券納付ニ関スル件） ... done
[120/8993] 大正六年外務省令第二号（外務省主管歳入証券納付ニ関スル件） ... done
[121/8993] 公有水面埋立法 ... done
[122/8993] 軌道法 ... done
[123/8993] 大正十年法律第百二号（定年ニ因ル退職判事検察官ノ恩給ニ関スル法律） ... done
[124/8993] 大正十年勅令第二百七十二号（第一回国勢調査記念章制定ノ件） ... done
[125/8993] 健康保険法 ... done
[126/8993] 二十歳未満ノ者ノ飲酒ノ禁止ニ関スル法律 ... done
[127/8993] 公有水面埋立法施行令 ... done
[128/8993] 大正十一年司法省令第四十五号（信託表示簿及日附アル印章調製方） ... done
[129/8993] 保管金取扱規程 ... done
[130/8993] 政府所有有価証券取扱規程 ... done
[131/8993] 政府保管有価証券取扱規程 ... done
[132/8993] 供託有価証券取扱規程 ... done
[133/8993] 日本銀行政府有価証券取扱規程 ... done
[134/8993] 国の会計帳簿及び書類の様式等に関する省令 ... done
[135/8993] 国債規則 ... done
[136/8993] 日本銀行国債事務取扱規程 ... done
[137/8993] 大正十一年大蔵省令第四十三号（会計法規ニ基ク出納計算ノ数字及記載事項ノ訂正ニ関スル件） ... done
[138/8993] 大正十一年逓信省令第四十五号（船舶満載吃水線証書互認ノ件ニ関シ帝国政府ト独逸国政府トノ間ニ取極ヲ為シタル条規） ... done
[139/8993] 大正十一年逓信省令第五十六号（船舶積量互認ノ件ニ関シ帝国政府ト丁抹国政府トノ間ニ取極ヲ為シタル条規） ... done
[140/8993] 恩給法 ... done
[141/8993] 陪審法 ... done
[142/8993] 大正十二年勅令第二百九十九号（政府ニ於テ物品ノ販売ヲ問屋業者ニ委託スルコトヲ得ル場合ニ関スル件） ... done
[143/8993] 恩給給与規則 ... done
[144/8993] 恩給金額分担及国庫納金収入等取扱規則 ... done
[145/8993] 大正十二年勅令第五百二十八号（司法警察官吏及司法警察官吏ノ職務ヲ行フヘキ者ノ指定等ニ関スル件） ... done
[146/8993] 専用軌道規則 ... done
[147/8993] 恩給金額分担及国庫納金収入等事務取扱細則 ... done
[148/8993] 軌道運輸規程 ... done
[149/8993] 軌道係員規程 ... done
[150/8993] 軌道法施行規則 ... done
[151/8993] 軌道建設規程 ... done
[152/8993] 大正十二年逓信省令第五十二号（船舶積量互認ノ件ニ関シ帝国政府ト英国政府トノ間ニ取極ヲ為シタル条規） ... done
[153/8993] 大正十三年勅令第十七号（米貨公債及英貨公債ノ発行ニ関スル件） ... done
[154/8993] 六分半利付米貨公債発行規程 ... done
[155/8993] 六分利付英貨公債発行規程 ... done
[156/8993] 漁業財団抵当法 ... done
[157/8993] 外国人土地法 ... done
[158/8993] 大正十四年逓信省令第八十七号（仏蘭西国船舶ノ検査ニ関スル件） ... done
[159/8993] 大正十五年法律第六十号（暴力行為等処罰ニ関スル法律） ... done
[160/8993] 民事訴訟法中改正法律施行法 ... done
[161/8993] 健康保険法施行令 ... done
[162/8993] 位階令 ... done
[163/8993] 位階令施行細則 ... done
[164/8993] 健康保険法施行規則 ... done
[165/8993] 大正十五年逓信省令第二十四号（船舶満載吃水線証書互認ノ件ニ関シ帝国政府ト丁抹国政府トノ間ニ為シタル取極ニ関スル件） ... done
[166/8993] 日本銀行特別融通及損失補償法 ... done
[167/8993] 北海道国有未開地処分法施行規則 ... done
[168/8993] 陪審法施行規則 ... done
[169/8993] 日本銀行特別融通及損失補償法第一条ニ依ル特別融通ニ関スル規程 ... done
[170/8993] 昭和三年勅令第百八十八号（大礼記念章制定ノ件） ... done
[171/8993] 昭和四年逓信省令第十七号（船舶積量ニ関シ独逸国船舶取扱ニ関スル件） ... done
[172/8993] 昭和五年法律第九号（盗犯等ノ防止及処分ニ関スル法律） ... done
[173/8993] 昭和五年勅令第三十六号（高等師範学校専攻科卒業者ノ称号ニ関スル件） ... done
[174/8993] 帝都復興記念章令 ... done
[175/8993] 五分半利付英貨公債発行規程 ... done
[176/8993] 鉄道船舶通シ運送規則 ... done
[177/8993] 昭和六年法律第八号（特別会計ノ恩給負担金ヲ一般会計ニ繰入ルルコトニ関スル法律） ... done
[178/8993] 昭和六年法律第九号（特別会計ニ於ケル営繕費ニ関スル法律） ... done
[179/8993] 抵当証券法 ... done
[180/8993] 無尽業法 ... done
[181/8993] 昭和六年勅令第二百三号（特別会計ノ恩給負担金ヲ一般会計ニ繰入ルルコトニ関スル法律ノ施行ニ関スル件） ... done
[182/8993] 抵当証券法施行細則 ... done
[183/8993] 無尽業法施行細則 ... done
[184/8993] 昭和六年大蔵省令第二十七号（特別会計ノ恩給負担金ヲ一般会計ニ繰入ルルコトニ関スル法律施行事務取扱細則） ... done
[185/8993] 昭和七年法律第十六号（国債ノ価額計算ニ関スル法律） ... done
[186/8993] 手形法 ... done
[187/8993] 昭和七年勅令第十二号（明治四十二年法律第二十二号第一条第二項ノ規定ニ依リ樹木ノ集団ノ範囲ヲ定ムルノ件） ... done
[188/8993] 船舶安全法 ... done
[189/8993] 農村負債整理組合法 ... done
[190/8993] 農業動産信用法 ... done
[191/8993] 小切手法 ... done
[192/8993] 昭和八年法律第四十二号（身元保証ニ関スル法律） ... done
[193/8993] 農業動産信用法施行令 ... done
[194/8993] 農業用動産抵当権実行令 ... done
[195/8993] 拒絶証書令 ... done
[196/8993] 昭和八年勅令第三百十七号（小切手ノ呈示期間ノ特例ニ関スル件） ... done
[197/8993] 昭和八年勅令第三百二十九号（小切手法ノ適用ニ付銀行ト同視スベキ人又ハ施設ヲ定ムルノ件） ... done
[198/8993] 自動車交通事業財団抵当登記取扱手続 ... done
[199/8993] 国際信号旗ノ寸法ニ関スル件 ... done
[200/8993] 農村負債整理組合法施行規則 ... done
[201/8993] 船舶安全法施行令 ... done
[202/8993] 船舶設備規程 ... done
[203/8993] 漁船特殊規則 ... done
[204/8993] 漁船特殊規程 ... done
[205/8993] 昭和十年大蔵省令第八号（供託官吏ノ振出シタル小切手ニシテ其ノ振出日附後一年ヲ経過シタル場合及供託金ガ政府ノ所得ニ帰シタル場合ノ取扱方ニ関スル件） ... done
[206/8993] 昭和十一年外務省令第四号（外務省並ニ在外公館ヘ納ムル収入印紙ノ消印方） ... done
[207/8993] 英国船舶ノ検査ニ関スル件 ... done
[208/8993] 森林保険法 ... done
[209/8993] 文化勲章令 ... done
[210/8993] 昭和十二年大蔵省令第十四号（収入印紙ノ紙質ニ関スル件） ... done
[211/8993] 船用品試験機試験規程 ... done
[212/8993] 陸上交通事業調整法 ... done
[213/8993] 陸上交通事業調整法施行令 ... done
[214/8993] 陸上交通事業調整法施行規則 ... done
[215/8993] 船員保険法 ... done
[216/8993] 昭和十四年大蔵省令第二十五号（明治四十二年法律第九号但書ノ規定ニ依ル命令ノ件） ... done
[217/8993] 昭和十四年大蔵省令第二十六号（明治四十一年勅令第二百八十七号第二項ノ規定ニ依リ国債ノ発行価格ニ加算スベキ金額ニ関スル件） ... done
[218/8993] 紀元二千六百年祝典記念章令 ... done
[219/8993] 昭和十五年勅令第九百四十三号（農村負債整理組合法第八条ノ規定ニ依リ同法第十一条ノ事業ヲ行フコトヲ得ル法人ヲ定ムルノ件） ... done
[220/8993] 船員保険法施行規則 ... done
[221/8993] 昭和十六年勅令第三百六十三号（無尽業法第二十一条ノ八ノ規定ニ依ル登記ニ関スル件） ... done
[222/8993] 無尽会社ノ管理ニ関スル登記取扱手続 ... done
[223/8993] 鉄道運輸規程 ... done
[224/8993] 金融機関の信託業務の兼営等に関する法律 ... done
[225/8993] 昭和十八年法律第六十一号（占領地軍政官憲ノ為シタル行為ノ法律上ノ効力等ニ関スル法律） ... done
[226/8993] 昭和十八年法律第八十八号（陪審法ノ停止ニ関スル法律） ... done
[227/8993] 昭和十八年勅令第六百十八号（昭和六年法律第八号ニ依リ各特別会計ヨリ一般会計ニ繰入ルル金額ノ計算ニ関スル特例ニ関スル件） ... done
[228/8993] 昭和十八年勅令第六百二十二号（占領地軍政官憲ノ為シタル行為ノ法律上ノ効力等ニ関スル法律ノ施行ニ関スル件） ... done
[229/8993] 厚生年金保険福祉施設資金融通規程 ... done
[230/8993] 官吏功労表彰令 ... done
[231/8993] 官吏功労表彰令施行規則 ... done
[232/8993] 昭和十九年運輸通信省令第百十一号（荷受人及荷送人ヲ確知スルコト能ハザル鉄道運送品等ノ公告ニ関スル件） ... done
[233/8993] 昭和二十年法律第四十六号（戦時民事特別法廃止法律） ... done
[234/8993] 昭和二十年勅令第六百九十九号（位、勲章等ノ返上ノ請願ニ関スル件） ... done
[235/8993] 昭和二十年勅令第七百三十号（政治犯人等ノ資格回復ニ関スル件） ... done
[236/8993] 昭和二十年運輸省令第四十号（航海ノ制限等ニ関スル件） ... done
[237/8993] 昭和二十年閣令第六十八号（位、勲章等ノ返上ノ請願ニ関スル件施行ノ件） ... done
[238/8993] 昭和二十年一復省令第二号（死亡等ニ関スル諸手続ヲ完了セル軍人及軍属中生還セル者ノアリタル場合ニ於ケル届出ニ関スル件） ... done
[239/8993] 金融機関経理応急措置法 ... done
[240/8993] 会社経理応急措置法 ... done
[241/8993] 昭和二十一年法律第二十四号（法人に対する政府の財政援助の制限に関する法律） ... done
[242/8993] 労働関係調整法 ... done
[243/8993] 金融機関再建整備法 ... done
[244/8993] 企業再建整備法 ... done
[245/8993] 大蔵省預金部等損失特別処理法 ... done
[246/8993] 日本国憲法 ... done
[247/8993] 物価統制令 ... done
[248/8993] 金融機関経理応急措置法施行令 ... done
[249/8993] 会社経理応急措置法施行令 ... done
[250/8993] 人口動態調査令 ... done
[251/8993] 労働関係調整法施行令 ... done
[252/8993] 金融機関再建整備法施行令 ... done
[253/8993] 企業再建整備法施行令 ... done
[254/8993] 予算決算及び会計令臨時特例 ... done
[255/8993] 特別経理会社等に関する登記取扱手続 ... done
[256/8993] 金融機関経理応急措置法施行規則 ... done
[257/8993] 昭和二十一年厚生省令第四十二号（死産の届出に関する規程） ... done
[258/8993] 昭和二十一年大蔵省・厚生省令第一号（会社経理応急措置法施行令第八条第三項、第十二条第二項及び第十三条第二号の規定による命令） ... done
[259/8993] 金融機関再建整備法施行規則 ... done
[260/8993] 会社経理応急措置法施行規則 ... done
[261/8993] 昭和二十一年大蔵省・厚生省・農林省・商工省・運輸省令第二号（会社経理応急措置法施行令第二十四条の規定による債権に関する件） ... done
[262/8993] 企業再建整備法施行規則 ... done
[263/8993] 昭和二十一年二復省令第一号（死亡ニ関スル諸手続ヲ完了シタル海軍軍人及軍属生還シタル場合ニ於ケル届出等ニ関スル件） ... done
[264/8993] 皇室典範 ... done
[265/8993] 皇室経済法 ... done
[266/8993] 内閣法 ... done
[267/8993] 請願法 ... done
[268/8993] 恩赦法 ... done
[269/8993] 学校教育法 ... done
[270/8993] 財政法 ... done
[271/8993] 会計法 ... done
[272/8993] 昭和二十二年法律第四十二号（公債金特別会計法外四法律の廃止等に関する法律） ... done
[273/8993] 労働基準法 ... done
[274/8993] 労働者災害補償保険法 ... done
[275/8993] 昭和二十二年法律第五十三号（社寺等に無償で貸し付けてある国有財産の処分に関する法律） ... done
[276/8993] 昭和二十二年法律第五十四号（私的独占の禁止及び公正取引の確保に関する法律） ... done
[277/8993] 裁判所法 ... done
[278/8993] 裁判所法施行法 ... done
[279/8993] 検察庁法 ... done
[280/8993] 下級裁判所の設立及び管轄区域に関する法律 ... done
[281/8993] 地方自治法 ... done
[282/8993] 宮内庁法 ... done
[283/8993] 昭和二十二年法律第七十二号（日本国憲法施行の際現に効力を有する命令の規定の効力等に関する法律） ... done
[284/8993] 会計検査院法 ... done
[285/8993] 船員法 ... done
[286/8993] 地域保健法 ... done
[287/8993] 昭和二十二年法律第百九号（生命保険中央会及び損害保険中央会の保険業務に関する権利義務の承継等に関する法律） ... done
[288/8993] 昭和二十二年法律第百十一号（皇族の身分を離れた者及び皇族となつた者の戸籍に関する法律） ... done
[289/8993] 皇室経済法施行法 ... done
[290/8993] 昭和二十二年法律第百十七号（裁判所予備金に関する法律） ... done
[291/8993] 災害救助法 ... done
[292/8993] 国家公務員法 ... done
[293/8993] 昭和二十二年法律第百二十一号（国家公務員法の規定が適用せられるまでの官吏その他政府職員の任免等に関する法律） ... done
[294/8993] 国家賠償法 ... done
[295/8993] 裁判官分限法 ... done
[296/8993] 財政融資資金の債権の条件変更等に関する法律 ... done
[297/8993] 農業協同組合法 ... done
[298/8993] 海難審判法 ... done
[299/8993] 職業安定法 ... done
[300/8993] 貨幣損傷等取締法 ... done
[301/8993] すき入紙製造取締法 ... done
[302/8993] 昭和二十二年法律第百五十一号（国際電気通信株式会社等の社員で公務員となつた者の在職年の計算に関する恩給法の特例等に関する法律） ... done
[303/8993] 昭和二十二年法律第百五十九号（赤十字の標章及び名称等の使用の制限に関する法律） ... done
[304/8993] 児童福祉法 ... done
[305/8993] 郵便法 ... done
[306/8993] 昭和二十二年法律第百七十号（大蔵省預金部特別会計、国有鉄道事業特別会計、通信事業特別会計並びに簡易生命保険及郵便年金特別会計の保険勘定及び年金勘定の昭和二十二年度における歳入不足補填のための一般会計からする繰入金に関する法律） ... done
[307/8993] 昭和二十二年法律第百七十五号（災害被害者に対する租税の減免、徴収猶予等に関する法律） ... done
[308/8993] 臨時金利調整法 ... done
[309/8993] 農業保険法 ... done
[310/8993] 印紙等模造取締法 ... done
[311/8993] 国の利害に関係のある訴訟についての法務大臣の権限等に関する法律 ... done
[312/8993] あん摩マツサージ指圧師、はり師、きゆう師等に関する法律 ... done
[313/8993] 戸籍法 ... done
[314/8993] 消防組織法 ... done
[315/8993] 昭和二十二年法律第二百二十九号（物品の無償貸付及び譲与等に関する法律） ... done
[316/8993] 昭和二十二年法律第二百三十一号（国が施行する内国貿易設備に関する港湾工事に因り生ずる土地又は工作物の譲与又は貸付及び使用料の徴収に関する法律） ... done
[317/8993] 食品衛生法 ... done
[318/8993] 理容師法 ... done
[319/8993] 栄養士法 ... done
[320/8993] 国会法 ... done
[321/8993] 国会議員の歳費、旅費及び手当等に関する法律 ... done
[322/8993] 議院に出頭する証人等の旅費及び日当に関する法律 ... done
[323/8993] 昭和二十二年法律第八十二号（国会予備金に関する法律） ... done
[324/8993] 議院事務局法 ... done
[325/8993] 国会職員法 ... done
[326/8993] 最高裁判所裁判官国民審査法 ... done
[327/8993] 裁判官弾劾法 ... done
[328/8993] 議院における証人の宣誓及び証言等に関する法律 ... done
[329/8993] 皇統譜令 ... done
[330/8993] 宮内庁法施行令 ... done
[331/8993] 昭和二十二年政令第十四号（日本国憲法施行の際現に効力を有する勅令の規定の効力等に関する政令） ... done
[332/8993] 地方自治法施行令 ... done
[333/8993] 地方自治法施行規程 ... done
[334/8993] 裁判所法施行令 ... done
[335/8993] 検察庁法施行令 ... done
[336/8993] 最高検察庁の位置並びに最高検察庁以外の検察庁の名称及び位置を定める政令 ... done
[337/8993] 昭和二十二年政令第五十二号（ポツダム宣言の受諾に伴い発する命令に関する件に基く陸軍刑法を廃止する等の政令） ... done
[338/8993] 合名会社等再建整備令 ... done
[339/8993] 昭和二十二年政令第百九号（財産税法等による物納に因る不動産登記の特例に関する政令） ... done
[340/8993] 皇室会議議員及び予備議員互選規則 ... done
[341/8993] 労働基準監督機関令 ... done
[342/8993] 災害救助法施行令 ... done
[343/8993] 大蔵省預金部等損失特別処理法施行令 ... done
[344/8993] 昭和二十二年政令第二百六十八号（災害被害者に対する租税の減免、徴収猶予等に関する法律の施行に関する政令） ... done
[345/8993] 閉鎖機関令 ... done
[346/8993] 予算決算及び会計令 ... done
[347/8993] 社寺等に無償で貸し付けてある国有財産の処分に関する法律施行令 ... done
[348/8993] 閉鎖機関に関する登記取扱手続 ... done
[349/8993] 昭和二十二年大蔵省令第四十六号（社寺等に無償で貸し付けてある国有財産の処分に関する法律施行規則） ... done
[350/8993] 昭和二十二年農林省令第四十一号（昭和十四年法律第七十八号（昭和二十二年法律第五十三号）施行に関する件） ... done
[351/8993] 地方自治法施行規則 ... done
[352/8993] 地方検察庁支部設置規則 ... done
[353/8993] 恩赦法施行規則 ... done
[354/8993] 戸籍法施行規則 ... done
[355/8993] 昭和二十二年大蔵省令第五十二号（生命保険会社が指定時後支払う保険金に関する権利及び義務に関する省令） ... done
[356/8993] 昭和二十二年大蔵省令第五十九号（企業再建整備法施行令第七条第一項、第三項、第四項及び第六項の規定の益金等を定める省令） ... done
[357/8993] 日本銀行国庫金取扱規程 ... done
[358/8993] 支出官事務規程 ... done
[359/8993] 出納官吏事務規程 ... done
[360/8993] 昭和二十二年大蔵省・司法省令第五号（金融債券の登録の変更等に関する省令） ... done
[361/8993] 学校教育法施行規則 ... done
[362/8993] 昭和二十二年文部省令第二十一号（学校教育法施行規則第八十九条の規定により私立学校令によつてのみ設立された学校より除くものを定める省令） ... done
[363/8993] 中学校通信教育規程 ... done
[364/8993] 労働基準法施行規則 ... done
[365/8993] 船員法施行規則 ... done
[366/8993] 昭和二十二年運輸省・内務省令第二号（軌道法第三十一条の一般交通の用に供する軌道に準ずべきものを定める省令） ... done
[367/8993] 災害救助法施行規則 ... done
[368/8993] 昭和二十二年逓信省令第二十四号（意匠が軍国主義、神道等の象徴に関係ある郵便切手及び郵便葉書使用禁止に関する省令） ... done
[369/8993] 事業附属寄宿舎規程 ... done
[370/8993] 職業安定法施行規則 ... done
[371/8993] 経済産業省職員受託出張規則 ... done
[372/8993] 合名会社等再建整備令施行規則 ... done
[373/8993] 昭和二十二年総理庁・大蔵省・外務省・商工省・運輸省・農林省・厚生省・司法省令第一号（閉鎖機関に対する債権の申出等に関する命令） ... done
[374/8993] 昭和二十二年総理庁・大蔵省・外務省・商工省・運輸省・農林省・厚生省・司法省令第三号（閉鎖機関の未払込株金等の払込に関する命令） ... done
[375/8993] 昭和二十二年総理庁令、大蔵省令、外務省令、商工省令、運輸省令、農林省令、厚生省令、司法省令第四号（閉鎖機関の債務の弁済等に関する命令） ... done
[376/8993] 会計検査院規則の公布に関する規則 ... done
[377/8993] 会計検査院事務総局事務分掌及び分課規則 ... done
[378/8993] 会計検査院法施行規則 ... done
[379/8993] 昭和二十三年法律第十三号（政府職員の俸給等の支給に関する措置等に伴う大蔵省預金部外三特別会計に対する一般会計の繰入金に関する法律） ... done
[380/8993] 大蔵省預金部特別会計外三特別会計の昭和二十三年度における歳入不足補填のための一般会計からする繰入金に関する法律 ... done
[381/8993] 金融商品取引法 ... done
[382/8993] 財政法第三条の特例に関する法律 ... done
[383/8993] 海上保安庁法 ... done
[384/8993] 軽犯罪法 ... done
[385/8993] 行政代執行法 ... done
[386/8993] 墓地、埋葬等に関する法律 ... done
[387/8993] 予防接種法 ... done
[388/8993] 国有財産法 ... done
[389/8993] 裁判官の報酬等に関する法律 ... done
[390/8993] 検察官の俸給等に関する法律 ... done
[391/8993] 減額社債に対する措置等に関する法律 ... done
[392/8993] 農薬取締法 ... done
[393/8993] 中小企業庁設置法 ... done
[394/8993] 公認会計士法 ... done
[395/8993] 地方財政法 ... done
[396/8993] 国家行政組織法 ... done
[397/8993] 日本学術会議法 ... done
[398/8993] 風俗営業等の規制及び業務の適正化等に関する法律 ... done
[399/8993] 大麻草の栽培の規制に関する法律 ... done
[400/8993] 温泉法 ... done
[401/8993] 社会保険診療報酬支払基金法 ... done
[402/8993] 船員職業安定法 ... done
[403/8993] 刑事訴訟法 ... done
[404/8993] 教科書の発行に関する臨時措置法 ... done
[405/8993] 市町村立学校職員給与負担法 ... done
[406/8993] 警察官職務執行法 ... done
[407/8993] 興行場法 ... done
[408/8993] 旅館業法 ... done
[409/8993] 公衆浴場法 ... done
[410/8993] 化製場等に関する法律 ... done
[411/8993] 印紙をもつてする歳入金納付に関する法律 ... done
[412/8993] 当せん金付証票法 ... done
[413/8993] 判事補の職権の特例等に関する法律 ... done
[414/8993] 検察審査会法 ... done
[415/8993] 競馬法 ... done
[416/8993] 農業改良助長法 ... done
[417/8993] 少年法 ... done
[418/8993] 港則法 ... done
[419/8993] 損害保険料率算出団体に関する法律 ... done
[420/8993] 民生委員法 ... done
[421/8993] 消費生活協同組合法 ... done
[422/8993] 医師法 ... done
[423/8993] 歯科医師法 ... done
[424/8993] 保健師助産師看護師法 ... done
[425/8993] 歯科衛生士法 ... done
[426/8993] 医療法 ... done
[427/8993] 司法警察職員等指定応急措置法 ... done
[428/8993] 水産業協同組合法 ... done
[429/8993] 刑事訴訟法施行法 ... done
[430/8993] 罰金等臨時措置法 ... done
[431/8993] 行政執行法人の労働関係に関する法律 ... done
[432/8993] 母体保護法 ... done
[433/8993] 人身保護法 ... done
[434/8993] 国立国会図書館法 ... done
[435/8993] 国立国会図書館建築委員会法 ... done
[436/8993] 議院法制局法 ... done
[437/8993] 国民の祝日に関する法律 ... done
[438/8993] 消防法 ... done
[439/8993] 政治資金規正法 ... done
[440/8993] 自転車競技法 ... done
[441/8993] 道路の修繕に関する法律 ... done
[442/8993] 昭和二十三年政令第十二号（国際電気通信株式会社等の社員で公務員となつたものの在職年の計算に関する恩給法の特例等に関する法律第二条の規定に基く国庫納付金に関する政令） ... done
[443/8993] 昭和二十三年政令第五十二号（消防組織法の施行に関する政令） ... done
[444/8993] 海難審判法施行令 ... done
[445/8993] 児童福祉法施行令 ... done
[446/8993] 地域保健法施行令 ... done
[447/8993] 海上保安庁法施行令 ... done
[448/8993] 金融機関再建整備法第五十八条の規定に基く閉鎖機関の旧勘定の整理等の特例に関する政令 ... done
[449/8993] 最高裁判所裁判官国民審査法施行令 ... done
[450/8993] 船員法第一条第二項第二号の港の区域の特例に関する政令 ... done
[451/8993] 食品衛生法施行に伴う国庫補助に関する政令 ... done
[452/8993] 予防接種法施行令 ... done
[453/8993] 民生委員法施行令 ... done
[454/8993] 競馬法施行令 ... done
[455/8993] 国有財産法施行令 ... done
[456/8993] 閉鎖機関に関する債権の時効等の特例に関する政令 ... done
[457/8993] 地方財政法施行令 ... done
[458/8993] 検察官適格審査会令 ... done
[459/8993] 連合国財産上の家屋等の譲渡等に関する政令 ... done
[460/8993] 沖縄関係事務整理に伴う恩給の特別措置に関する政令 ... done
[461/8993] 医療法施行令 ... done
[462/8993] 私的独占の禁止及び公正取引の確保に関する法律の調査手続における参考人及び鑑定人の旅費及び手当に関する政令 ... done
[463/8993] 検察審査会の名称及び管轄区域等を定める政令 ... done
[464/8993] 検察審査会法施行令 ... done
[465/8993] 会社等臨時措置法等を廃止する政令 ... done
[466/8993] 昭和二十三年法務庁令第一号（検察庁法第二条第四項の規定による各高等裁判所支部に対応して各高等検察庁支部を設置する庁令） ... done
[467/8993] 連合国財産上の家屋の譲渡等に関する登記取扱手続 ... done
[468/8993] 最高裁判所裁判官国民審査法施行規則 ... done
[469/8993] 生命保険中央会及び損害保険中央会の保険業務に関する権利義務の承継等に関する法律第二条第三項の規定による協栄生命保険株式会社の損失及び利益を決定する基準等に関する件 ... done
[470/8993] 生命保険中央会及び損害保険中央会の保険業務に関する権利義務の承継等に関する法律第四条第四項の規定による東亜火災海上保険株式会社の損失及び利益決定の基準等に関する件 ... done
[471/8993] 国有財産法施行細則 ... done
[472/8993] 閉鎖機関に対する債権の指定日以後における利息の弁済に関する省令 ... done
[473/8993] 教科書の発行に関する臨時措置法施行規則 ... done
[474/8993] 栄養士法施行規則 ... done
[475/8993] 人口動態調査令施行細則 ... done
[476/8993] 児童福祉法施行規則 ... done
[477/8993] 食品衛生法施行規則 ... done
[478/8993] 墓地、埋葬等に関する法律施行規則 ... done
[479/8993] 公衆浴場法施行規則 ... done
[480/8993] 旅館業法施行規則 ... done
[481/8993] 興行場法施行規則 ... done
[482/8993] 化製場等に関する法律施行規則 ... done
[483/8993] 社会保険診療報酬支払基金法施行規則 ... done
[484/8993] 温泉法施行規則 ... done
[485/8993] 予防接種法施行規則 ... done
[486/8993] 医師法施行規則 ... done
[487/8993] 歯科医師法施行規則 ... done
[488/8993] 医療法施行規則 ... done
[489/8993] 社会保険診療報酬請求書審査委員会及び社会保険診療報酬請求書特別審査委員会規程 ... done
[490/8993] 児童福祉施設の設備及び運営に関する基準 ... done
[491/8993] 消費生活協同組合法施行規則 ... done
[492/8993] 海難審判法施行規則 ... done
[493/8993] 港則法施行規則 ... done
[494/8993] 船員職業安定法施行規則 ... done
[495/8993] 教育公務員特例法 ... done
[496/8993] 検察官の取り調べた者等に対する旅費、日当、宿泊料等支給法 ... done
[497/8993] 鉱山保安法 ... done
[498/8993] 公共企業体労働関係法の施行に関する法律 ... done
[499/8993] 郵便切手類販売所等に関する法律 ... done
[500/8993] 航路標識法 ... done
[501/8993] 建設業法 ... done
[502/8993] 古物営業法 ... done
[503/8993] 国家公務員宿舎法 ... done
[504/8993] 水先法 ... done
[505/8993] 人権擁護委員法 ... done
[506/8993] 司法試験法 ... done
[507/8993] 教育職員免許法 ... done
[508/8993] 教育職員免許法施行法 ... done
[509/8993] 文部科学省著作教科書の出版権等に関する法律 ... done
[510/8993] 在外公館等借入金の確認に関する法律 ... done
[511/8993] 労働組合法 ... done
[512/8993] 国の所有に属する物品の売払代金の納付に関する法律 ... done
[513/8993] 中小企業等協同組合法 ... done
[514/8993] 中小企業等協同組合法施行法 ... done
[515/8993] 協同組合による金融事業に関する法律 ... done
[516/8993] 産業標準化法 ... done
[517/8993] 獣医師法 ... done
[518/8993] 海上運送法 ... done
[519/8993] 測量法 ... done
[520/8993] 屋外広告物法 ... done
[521/8993] 水防法 ... done
[522/8993] 土地改良法 ... done
[523/8993] 土地改良法施行法 ... done
[524/8993] 死体解剖保存法 ... done
[525/8993] 社会教育法 ... done
[526/8993] 通訳案内士法 ... done
[527/8993] 簡易郵便局法 ... done
[528/8993] お年玉付郵便葉書等に関する法律 ... done
[529/8993] 外国為替及び外国貿易法 ... done
[530/8993] 郵政事業特別会計の昭和二十四年度における歳入不足補てんのための一般会計からする繰入金に関する法律 ... done
[531/8993] 特別職の職員の給与に関する法律 ... done
[532/8993] 旧軍関係債権の処理に関する法律 ... done
[533/8993] 国際観光事業の助成に関する法律 ... done
[534/8993] 警察用電話等の処理に関する法律 ... done
[535/8993] 漁業法 ... done
[536/8993] 漁業法施行法 ... done
[537/8993] 私立学校法 ... done
[538/8993] 郵便物運送委託法 ... done
[539/8993] 年齢のとなえ方に関する法律 ... done
[540/8993] 国立国会図書館法の規定により行政各部門に置かれる支部図書館及びその職員に関する法律 ... done
[541/8993] 国家公務員の寒冷地手当に関する法律 ... done
[542/8993] 弁護士法 ... done
[543/8993] 認知の訴の特例に関する法律 ... done
[544/8993] 家畜商法 ... done
[545/8993] 広島平和記念都市建設法 ... done
[546/8993] 長崎国際文化都市建設法 ... done
[547/8993] 政府契約の支払遅延防止等に関する法律 ... done
[548/8993] 人事官弾劾の訴追に関する法律 ... done
[549/8993] 国際観光ホテル整備法 ... done
[550/8993] 身体障害者福祉法 ... done
[551/8993] 未復員等についての届に関する政令 ... done
[552/8993] 教育公務員特例法施行令 ... done
[553/8993] 母体保護法施行令 ... done
[554/8993] 検察審査員等の旅費、日当及び宿泊料を定める政令 ... done
[555/8993] 学校施設の確保に関する政令 ... done
[556/8993] 水産業協同組合法の施行等に関する政令 ... done
[557/8993] 道路の修繕に関する法律の施行に関する政令 ... done
[558/8993] 法制審議会令 ... done
[559/8993] 公証人身元保証金令 ... done
[560/8993] 登記手数料令 ... done
[561/8993] 法務局及び地方法務局設置に伴う関係政令の整理等に関する政令 ... done
[562/8993] 労働組合法施行令 ... done
[563/8993] 文部科学省著作教科書の出版権等に関する法律施行令 ... done
[564/8993] 社会教育法施行令 ... done
[565/8993] 日本芸術院令 ... done
[566/8993] 旧日本占領地域に本店を有する会社の本邦内にある財産の整理に関する政令 ... done
[567/8993] 土地改良法施行令 ... done
[568/8993] 連合国財産である株式の回復に関する政令 ... done
[569/8993] 外国政府の不動産に関する権利の取得に関する政令 ... done
[570/8993] 弁護士会登記令 ... done
[571/8993] 測量法施行令 ... done
[572/8993] 獣医事審議会令 ... done
[573/8993] 教育職員免許法施行令 ... done
[574/8993] 検察官の職務を行う弁護士に給すべき手当の額を定める政令 ... done
[575/8993] 輸出貿易管理令 ... done
[576/8993] 外国為替及び外国貿易法第五十六条の規定による意見の聴取の手続に関する政令 ... done
[577/8993] 監察医を置くべき地域を定める政令 ... done
[578/8993] 在外公館等借入金の確認に関する法律施行令 ... done
[579/8993] 国際観光事業の助成に関する法律第一条の法人を指定する政令 ... done
[580/8993] 産業標準化法に基づく登録申請手数料の額等を定める政令 ... done
[581/8993] 輸入貿易管理令 ... done
[582/8993] 閉鎖機関の残余財産の処分の特例に関する省令 ... done
[583/8993] 閉鎖機関のために特殊清算人のなす公告の方法に関する省令 ... done
[584/8993] 学校施設の確保に関する政令施行規則 ... done
[585/8993] 都道府県に勤務する政府職員の勤務時間及び休憩時間等に関する命令 ... done
[586/8993] 公証人法施行規則 ... done
[587/8993] 公証人定員規則 ... done
[588/8993] 確定日附簿及び日附印章調製規則 ... done
[589/8993] 登記事務委任規則 ... done
[590/8993] 不動産登記嘱託職員を指定する府令 ... done
[591/8993] 人権擁護委員協議会、人権擁護委員連合会及び全国人権擁護委員連合会組織規則 ... done
[592/8993] 調査査察部等の所掌事務の範囲を定める省令 ... done
[593/8993] 連合国財産である株式の回復に関する政令の施行に関する省令 ... done
[594/8993] 日本銀行の歳入金等の受入に関する特別取扱手続 ... done
[595/8993] 文部科学省著作教科書の出版料算定規則 ... done
[596/8993] 文部科学省著作教科書出版資格審査申請書規則 ... done
[597/8993] 死体解剖保存法施行規則 ... done
[598/8993] 輸出貿易管理規則 ... done
[599/8993] 輸入貿易管理規則 ... done
[600/8993] 通訳案内士法施行規則 ... done
[601/8993] 航路標識法施行規則 ... done
[602/8993] 海上運送法施行規則 ... done
[603/8993] 水先法施行規則 ... done
[604/8993] 建設業法施行規則 ... done
[605/8993] 測量法施行規則 ... done
[606/8993] 土地改良法施行規則 ... done
[607/8993] 獣医師法施行規則 ... done
[608/8993] 旧日本占領地域に本店を有する会社の本邦内にある財産の整理に関する政令の施行に関する命令 ... done
[609/8993] 産業標準化法施行規則 ... done
[610/8993] 労働委員会規則 ... done
[611/8993] 昭和二十四年公正取引委員会規則第六号（連合国財産である株式の回復に関する政令第二十二条第一項の規定による認可申請に関する規則） ... done
[612/8993] 外国政府の不動産に関する権利の取得に関する規則 ... done
[613/8993] 人事院規則一―一（規則の分類） ... done
[614/8993] 人事院規則一―二（用語の定義） ... done
[615/8993] 人事院規則一―三（法の規定の適用） ... done
[616/8993] 人事院規則一―四（現行の法律、命令及び規則の廃止） ... done
[617/8993] 人事院規則一―七（政府若しくはその機関又は行政執行法人と外国人との間の勤務の契約） ... done
[618/8993] 人事院規則二―〇（人事官の宣誓） ... done
[619/8993] 人事院規則二―一（人事院会議及びその手続） ... done
[620/8993] 人事院規則三―〇（事務総長の権限） ... done
[621/8993] 人事院規則一四―五（公選による公職） ... done
[622/8993] 人事院規則一四―七（政治的行為） ... done
[623/8993] 刑事補償法 ... done
[624/8993] 駐留軍労働者等に支払うべき給料その他の給与の支払事務の処理の特例に関する法律 ... done
[625/8993] 家畜保健衛生所法 ... done
[626/8993] 日本勧業銀行法等を廃止する法律 ... done
[627/8993] 社会保険医療協議会法 ... done
[628/8993] 森林病害虫等防除法 ... done
[629/8993] 国等の債権債務等の金額の端数計算に関する法律 ... done
[630/8993] 退職職員に支給する退職手当支給の財源に充てるための特別会計からする一般会計への繰入れに関する法律 ... done
[631/8993] 貿易保険法 ... done
[632/8993] 相続税法 ... done
[633/8993] 公立大学に置かれた文部事務官等の身分上の措置に関する法律 ... done
[634/8993] 水路業務法 ... done
[635/8993] 日本政府在外事務所設置法 ... done
[636/8993] 資産再評価法 ... done
[637/8993] 国家公務員等の旅費に関する法律 ... done
[638/8993] 図書館法 ... done
[639/8993] 北海道開発法 ... done
[640/8993] 肥料の品質の確保等に関する法律 ... done
[641/8993] 造船法 ... done
[642/8993] 電波法 ... done
[643/8993] 放送法 ... done
[644/8993] 生活保護法 ... done
[645/8993] 国籍法 ... done
[646/8993] 火薬類取締法 ... done
[647/8993] 植物防疫法 ... done
[648/8993] 質屋営業法 ... done
[649/8993] 農林水産業施設災害復旧事業費国庫補助の暫定措置に関する法律 ... done
[650/8993] 予算執行職員等の責任に関する法律 ... done
[651/8993] 日本農林規格等に関する法律 ... done
[652/8993] 船主相互保険組合法 ... done
[653/8993] 国会議員の選挙等の執行経費の基準に関する法律 ... done
[654/8993] 牧野法 ... done
[655/8993] 建築基準法 ... done
[656/8993] 保護司法 ... done
[657/8993] 国土形成計画法 ... done
[658/8993] 家畜改良増殖法 ... done
[659/8993] 地方交付税法 ... done
[660/8993] 港湾法 ... done
[661/8993] 地方税法 ... done
[662/8993] 商品先物取引法 ... done
[663/8993] 旧令による共済組合等からの年金受給者のための特別措置法 ... done
[664/8993] 地方公務員法 ... done
[665/8993] 中小企業信用保険法 ... done
[666/8993] 郵政事業特別会計の歳入不足を補てんするための一般会計からする繰入金に関する法律 ... done
[667/8993] 鉱業法 ... done
[668/8993] 鉱業法施行法 ... done
[669/8993] 採石法 ... done
[670/8993] 鉱業等に係る土地利用の調整手続等に関する法律 ... done
[671/8993] 毒物及び劇物取締法 ... done
[672/8993] 精神保健及び精神障害者福祉に関する法律 ... done
[673/8993] 文化財保護法 ... done
[674/8993] 旧軍港市転換法 ... done
[675/8993] 一般職の職員の給与に関する法律 ... done
[676/8993] 公職選挙法 ... done
[677/8993] 漁港及び漁場の整備等に関する法律 ... done
[678/8993] 漁船法 ... done
[679/8993] 司法書士法 ... done
[680/8993] 建築士法 ... done
[681/8993] クリーニング業法 ... done
[682/8993] 小型自動車競走法 ... done
[683/8993] 別府国際観光温泉文化都市建設法 ... done
[684/8993] 伊東国際観光温泉文化都市建設法 ... done
[685/8993] 土地家屋調査士法 ... done
[686/8993] 熱海国際観光温泉文化都市建設法 ... done
[687/8993] 狂犬病予防法 ... done
[688/8993] 横浜国際港都建設法 ... done
[689/8993] 神戸国際港都建設法 ... done
[690/8993] 奈良国際文化観光都市建設法 ... done
[691/8993] 京都国際文化観光都市建設法 ... done
[692/8993] 漁業用海岸局を開設運用する漁業協同組合及び漁業協同組合連合会に対する水産業協同組合法の適用の特例に関する法律 ... done
[693/8993] 国外居住外国人等に対する債務の弁済のためにする供託の特例に関する政令 ... done
[694/8993] 漁業法施行令 ... done
[695/8993] 私立学校法施行令 ... done
[696/8993] 退職職員に支給する退職手当支給の財源に充てるための特別会計からする一般会計への繰入れに関する政令 ... done
[697/8993] 相続税法施行令 ... done
[698/8993] 国等の債権債務等の金額の端数計算に関する法律施行令 ... done
[699/8993] 身体障害者福祉法施行令 ... done
[700/8993] 公職選挙法施行令 ... done
[701/8993] 資産再評価法施行令 ... done
[702/8993] 教科用図書検定調査審議会令 ... done
[703/8993] 生活保護法施行令 ... done
[704/8993] 農林水産業施設災害復旧事業費国庫補助の暫定措置に関する法律施行令 ... done
[705/8993] 精神保健及び精神障害者福祉に関する法律施行令 ... done
[706/8993] 放送法施行令 ... done
[707/8993] 電波法による旅費等の額を定める政令 ... done
[708/8993] 国際観光ホテル整備法施行令 ... done
[709/8993] 人権擁護委員に対する費用弁償に関する政令 ... done
[710/8993] 肥料の品質の確保等に関する法律施行令 ... done
[711/8993] 建築士法施行令 ... done
[712/8993] 漁港及び漁場の整備等に関する法律施行令 ... done
[713/8993] 牧野法施行令 ... done
[714/8993] 地方税法施行令 ... done
[715/8993] ドイツ財産管理令 ... done
[716/8993] 家畜改良増殖法施行令 ... done
[717/8993] 船主相互保険組合法施行令 ... done
[718/8993] 商品先物取引法施行令 ... done
[719/8993] 火薬類取締法施行令 ... done
[720/8993] 建築基準法施行令 ... done
[721/8993] 検察官特別考試令 ... done
[722/8993] 中小企業信用保険法施行令 ... done
[723/8993] 閉鎖機関の引当財産の管理に関する政令 ... done
[724/8993] ドイツ財産管理に関する登記取扱手続 ... done
[725/8993] 公職選挙法施行規則 ... done
[726/8993] 質屋営業法施行規則 ... done
[727/8993] 相続税法施行規則 ... done
[728/8993] 税務官署における収入官吏及び出納員並びに歳入歳出外現金出納官吏の備えるべき現金領収証書に関する省令 ... done
[729/8993] 相続税の物納財産収納後の手続等に関する省令 ... done
[730/8993] 日本銀行の公庫預託金取扱規程 ... done
[731/8993] 資産再評価法施行規則 ... done
[732/8993] 国家公務員等の旅費支給規程 ... done
[733/8993] 資産再評価の基準の特例に関する省令 ... done
[734/8993] 逓信省共済組合に属する権利義務の承継に関する省令 ... done
[735/8993] 外国政府の不動産に関する権利の取得に関する省令 ... done
[736/8993] 国外居住外国人等に対する債務の弁済のためにする供託の特例に関する政令の施行に関する命令 ... done
[737/8993] ドイツ財産管理令の施行に関する命令 ... done
[738/8993] 私立学校法施行規則 ... done
[739/8993] 図書館法施行規則 ... done
[740/8993] 身体障害者福祉法施行規則 ... done
[741/8993] 生活保護法施行規則 ... done
[742/8993] 精神保健及び精神障害者福祉に関する法律施行規則 ... done
[743/8993] クリーニング業法施行規則 ... done
[744/8993] 狂犬病予防法施行規則 ... done
[745/8993] 歯科衛生士学校養成所指定規則 ... done
[746/8993] 火薬類取締法施行規則 ... done
[747/8993] 外国為替及び外国貿易法における附属の島に関する命令 ... done
[748/8993] 国際観光事業の助成に関する法律施行規則 ... done
[749/8993] 造船造機統計調査規則 ... done
[750/8993] 造船法施行規則 ... done
[751/8993] 水路業務法施行規則 ... done
[752/8993] 無軌条電車運転規則 ... done
[753/8993] 船主相互保険組合法施行規則 ... done
[754/8993] 公職選挙郵便規則 ... done
[755/8993] 建築士法施行規則 ... done
[756/8993] 建築基準法施行規則 ... done
[757/8993] 建築動態統計調査規則 ... done
[758/8993] 無軌条電車建設規則 ... done
[759/8993] 旧漁業法に基く省令の効力に関する省令 ... done
[760/8993] 漁業手数料規則 ... done
[761/8993] 家畜保健衛生所法施行規則 ... done
[762/8993] 森林病害虫等防除法施行規則 ... done
[763/8993] 農林水産省関係日本農林規格等に関する法律施行規則 ... done
[764/8993] 肥料の品質の確保等に関する法律施行規則 ... done
[765/8993] 植物防疫法施行規則 ... done
[766/8993] 森林管理局署職員服制 ... done
[767/8993] 牧野法施行規則 ... done
[768/8993] 農林水産業施設災害復旧事業費国庫補助の暫定措置に関する法律施行規則 ... done
[769/8993] 漁船法施行規則 ... done
[770/8993] 家畜改良増殖法施行規則 ... done
[771/8993] 漁船検査規則 ... done
[772/8993] 農業協同組合法、水産業協同組合法及び森林組合法による倉荷証券発行の許可等に関する省令 ... done
[773/8993] 放送法施行規則 ... done
[774/8993] 無線局（基幹放送局を除く。）の開設の根本的基準 ... done
[775/8993] 電波法施行規則 ... done
[776/8993] 無線局免許手続規則 ... done
[777/8993] 無線局運用規則 ... done
[778/8993] 無線設備規則 ... done
[779/8993] 基幹放送局の開設の根本的基準 ... done
[780/8993] 業務補助等に関する規則 ... done
[781/8993] 国宝又は重要文化財指定書規則 ... done
[782/8993] 人事院規則二―四（人事院の職員に対する権限の委任） ... done
[783/8993] 人事院規則一四―八（営利企業の役員等との兼業） ... done
[784/8993] 郵政事業特別会計の歳入不足を補てんするための一般会計からする繰入金に関する法律 ... done
[785/8993] 海事代理士法 ... done
[786/8993] 国家公務員共済組合法の規定による年金の額の改定に関する法律 ... done
[787/8993] 社会福祉法 ... done
[788/8993] 裁判所職員定員法 ... done
[789/8993] 農業委員会等に関する法律 ... done
[790/8993] 公共土木施設災害復旧事業費国庫負担法 ... done
[791/8993] 沖縄振興開発金融公庫の予算及び決算に関する法律 ... done
[792/8993] 財政融資資金法 ... done
[793/8993] 文化功労者年金法 ... done
[794/8993] 宗教法人法 ... done
[795/8993] 船舶職員及び小型船舶操縦者法 ... done
[796/8993] 国土調査法 ... done
[797/8993] 道路運送法 ... done
[798/8993] 道路運送法施行法 ... done
[799/8993] 道路運送車両法 ... done
[800/8993] 道路運送車両法施行法 ... done
[801/8993] 自動車抵当法 ... done
[802/8993] 自動車抵当法施行法 ... done
[803/8993] 国家公務員災害補償法 ... done
[804/8993] 検疫法 ... done
[805/8993] 高圧ガス保安法 ... done
[806/8993] 連合国財産補償法 ... done
[807/8993] 旅券法 ... done
[808/8993] 旧外貨債処理法による借換済外貨債の証券の一部の有効化等に関する法律 ... done
[809/8993] 裁判所職員臨時措置法 ... done
[810/8993] 旧令による共済組合等からの年金受給者のための特別措置法の規定による年金の額の改定に関する法律 ... done
[811/8993] 昭和二十六年度における給与の改訂に伴う国家公務員共済組合法の規定による年金の額の改定に関する法律 ... done
[812/8993] 港湾運送事業法 ... done
[813/8993] 投資信託及び投資法人に関する法律 ... done
[814/8993] 土地収用法 ... done
[815/8993] 土地収用法施行法 ... done
[816/8993] 診療放射線技師法 ... done
[817/8993] 国有林野の管理経営に関する法律 ... done
[818/8993] 覚醒剤取締法 ... done
[819/8993] 行政書士法 ... done
[820/8993] 松江国際文化観光都市建設法 ... done
[821/8993] 芦屋国際文化住宅都市建設法 ... done
[822/8993] 北海道開発のためにする港湾工事に関する法律 ... done
[823/8993] 松山国際観光温泉文化都市建設法 ... done
[824/8993] 農産物検査法 ... done
[825/8993] 納税貯蓄組合法 ... done
[826/8993] 家畜伝染病予防法 ... done
[827/8993] 官公庁施設の建設等に関する法律 ... done
[828/8993] 公営住宅法 ... done
[829/8993] 日刊新聞紙の発行を目的とする株式会社の株式の譲渡の制限等に関する法律 ... done
[830/8993] 民事調停法 ... done
[831/8993] 民間学術研究機関の助成に関する法律 ... done
[832/8993] 産業教育振興法 ... done
[833/8993] 税理士法 ... done
[834/8993] 信用金庫法 ... done
[835/8993] 信用金庫法施行法 ... done
[836/8993] モーターボート競走法 ... done
[837/8993] 森林法 ... done
[838/8993] 森林法施行法 ... done
[839/8993] 軽井沢国際親善文化観光都市建設法 ... done
[840/8993] 博物館法 ... done
[841/8993] 水産資源保護法 ... done
[842/8993] 港湾法施行令 ... done
[843/8993] 連合国財産の返還等に関する政令 ... done
[844/8993] 鉱業登録令 ... done
[845/8993] 鉱業法関係手数料令 ... done
[846/8993] 朝鮮総督府交通局共済組合の本邦内にある財産の整理に関する政令 ... done
[847/8993] 農業委員会等に関する法律施行令 ... done
[848/8993] 納税貯蓄組合法施行令 ... done
[849/8993] 公共土木施設災害復旧事業費国庫負担法施行令 ... done
[850/8993] 土地改良登記令 ... done
[851/8993] 文化功労者年金法施行令 ... done
[852/8993] 沖縄振興開発金融公庫の国庫納付金に関する政令 ... done
[853/8993] 沖縄振興開発金融公庫の予算及び決算に関する法律施行令 ... done
[854/8993] 鉱業等に係る土地利用の調整手続等に関する法律第四十七条の規定により鑑定人が受ける鑑定料の額を定める政令 ... done
[855/8993] 特別調達資金設置令 ... done
[856/8993] 港湾運送事業法施行令 ... done
[857/8993] 税理士法施行令 ... done
[858/8993] 公営住宅法施行令 ... done
[859/8993] 道路運送法施行令 ... done
[860/8993] 自動車道標識令 ... done
[861/8993] 道路運送車両法施行令 ... done
[862/8993] 道路運送車両法関係手数料令 ... done
[863/8993] 自動車登録令 ... done
[864/8993] 特別調達資金設置令施行令 ... done
[865/8993] 森林法施行令 ... done
[866/8993] 日本農林規格等に関する法律施行令 ... done
[867/8993] 漁業登録令 ... done
[868/8993] 債券収入金等の払いもどし金の損益の計算の方法及び当該損益の帰属に関する政令 ... done
[869/8993] 出入国管理及び難民認定法 ... done
[870/8993] 土地収用法施行令 ... done
[871/8993] 検疫法施行令 ... done
[872/8993] 損害保険料率算出団体に関する法律施行令 ... done
[873/8993] 連合国財産の返還等に関する登記取扱手続 ... done
[874/8993] 地上権登記索引簿規則 ... done
[875/8993] 港湾運送事業抵当登記規則 ... done
[876/8993] 行政書士法施行規則 ... done
[877/8993] ガス事業生産動態統計調査規則 ... done
[878/8993] 朝鮮総督府交通局共済組合の本邦内にある財産の整理に関する政令の施行に関する総理府令 ... done
[879/8993] 特別調達資金会計官及び特別調達資金出納命令官受入事務規程 ... done
[880/8993] 旧令による共済組合等からの年金受給者のための特別措置法第四条第三項の規定に基く附属の島を定める省令 ... done
[881/8993] 小切手振出等事務取扱規程 ... done
[882/8993] 財政融資資金預託金取扱規則 ... done
[883/8993] 保管金払込事務等取扱規程 ... done
[884/8993] 税理士法施行規則 ... done
[885/8993] 駐留軍等労働者及び公共事業労務者に支払うべき給与金支払に関する特別取扱規則 ... done
[886/8993] 特別調達資金会計官及び特別調達資金出納命令官支払事務規程 ... done
[887/8993] 特別調達資金出納官吏事務規程 ... done
[888/8993] 特別調達資金使用計画等取扱規則 ... done
[889/8993] 日本銀行特別調達資金出納取扱規程 ... done
[890/8993] 閉鎖機関令第二十八条の規定による閉鎖機関住宅営団の行う登記等の特例に関する命令 ... done
[891/8993] 連合国財産の返還等に関する政令の施行に関する命令 ... done
[892/8993] 文化功労者年金法施行規則 ... done
[893/8993] 社会教育主事講習等規程 ... done
[894/8993] 民間学術研究機関の助成に関する法律施行規則 ... done
[895/8993] 毒物及び劇物取締法施行規則 ... done
[896/8993] 社会福祉法施行規則 ... done
[897/8993] 覚醒剤取締法施行規則 ... done
[898/8993] 診療放射線技師法施行規則 ... done
[899/8993] 保健師助産師看護師法施行規則 ... done
[900/8993] 乳及び乳製品の成分規格等に関する命令 ... done
[901/8993] 検疫法施行規則 ... done
[902/8993] 保健師助産師看護師学校養成所指定規則 ... done
[903/8993] あん摩マツサージ指圧師、はり師及びきゆう師に係る学校養成施設認定規則 ... done
[904/8993] 診療放射線技師学校養成所指定規則 ... done
[905/8993] 鉱業法施行規則 ... done
[906/8993] 鉱業登録令施行規則 ... done
[907/8993] 採石法施行規則 ... done
[908/8993] 港湾調査規則 ... done
[909/8993] 海事代理士法施行規則 ... done
[910/8993] 船舶運航事業者等の提出する定期報告書に関する省令 ... done
[911/8993] 運転の安全の確保に関する省令 ... done
[912/8993] モーターボート競走法施行規則 ... done
[913/8993] 道路運送車両の保安基準 ... done
[914/8993] 自動車登録番号標交付代行者規則 ... done
[915/8993] 自動車点検基準 ... done
[916/8993] 自動車整備士技能検定規則 ... done
[917/8993] 優良自動車整備事業者認定規則 ... done
[918/8993] 道路運送車両法施行規則 ... done
[919/8993] 道路運送法施行規則 ... done
[920/8993] ボート、モーター、選手、審判員及び検査員登録規則 ... done
[921/8993] 海事代理士試験規程 ... done
[922/8993] 自動車型式指定規則 ... done
[923/8993] 船舶職員及び小型船舶操縦者法施行規則 ... done
[924/8993] 港湾法施行規則 ... done
[925/8993] 自動車事故報告規則 ... done
[926/8993] 水防施設費国庫補助規則 ... done
[927/8993] 建設技術研究補助金交付規則 ... done
[928/8993] 公営住宅法施行規則 ... done
[929/8993] 土地収用法施行規則 ... done
[930/8993] 道路管理者の意見聴取に関する省令 ... done
[931/8993] 自動車道事業規則 ... done
[932/8993] 自動車道標識の様式を定める省令 ... done
[933/8993] 農薬取締法施行規則 ... done
[934/8993] 農業委員会等に関する法律施行規則 ... done
[935/8993] 農産物検査法施行規則 ... done
[936/8993] 家畜伝染病予防法施行規則 ... done
[937/8993] 国有林野の管理経営に関する法律施行規則 ... done
[938/8993] 漁港及び漁場の整備等に関する法律施行規則 ... done
[939/8993] 海岸、林地荒廃防止施設、地すべり防止施設及び漁港に関し公共土木施設災害復旧事業費国庫負担法を施行する省令 ... done
[940/8993] 森林法施行規則 ... done
[941/8993] 瀬戸内海漁業取締規則 ... done
[942/8993] 漁業登録令施行規則 ... done
[943/8993] 海上保安学校の名称、位置及び内部組織に関する庁令 ... done
[944/8993] 鉱業等に係る土地利用の調整手続等に関する法律の施行等に関する規則 ... done
[945/8993] 国宝、重要文化財又は重要有形民俗文化財の管理に関する届出書等に関する規則 ... done
[946/8993] 国宝、重要文化財又は重要有形民俗文化財売渡申出書に関する規則 ... done
[947/8993] 国宝、重要文化財又は重要有形民俗文化財出品給与金支給基準規則 ... done
[948/8993] 特別史跡名勝天然記念物又は史跡名勝天然記念物の管理に関する届出書等に関する規則 ... done
[949/8993] 国宝、重要文化財又は重要有形民俗文化財の出品及び公開に関する規則 ... done
[950/8993] 特別史跡名勝天然記念物又は史跡名勝天然記念物の現状変更等の許可申請等に関する規則 ... done
[951/8993] 人事院規則九―一（非常勤職員の給与） ... done
[952/8993] 人事院規則九―五（給与簿） ... done
[953/8993] 人事院規則一三―二（勤務条件に関する行政措置の要求） ... done
[954/8993] 財政法、会計法等の財政関係法律の一部を改正する等の法律 ... done
[955/8993] 海外からの日本国民の集団的引揚輸送のための航海命令に関する法律 ... done
[956/8993] 外務公務員法 ... done
[957/8993] ポツダム宣言の受諾に伴い発する命令に関する件に基く大蔵省関係諸命令の措置に関する法律 ... done
[958/8993] 在外公館等借入金の返済の実施に関する法律 ... done
[959/8993] ポツダム宣言の受諾に伴い発する命令に関する件に基く運輸省関係諸命令の措置に関する法律 ... done
[960/8993] 教職員の除去、就職禁止等に関する政令を廃止する法律 ... done
[961/8993] ポツダム宣言の受諾に伴い発する命令に関する件の廃止に関する法律 ... done
[962/8993] 在外公館の名称及び位置並びに在外公館に勤務する外務公務員の給与に関する法律 ... done
[963/8993] 公職に関する就職禁止、退職等に関する勅令等の廃止に関する法律 ... done
[964/8993] 日本国とアメリカ合衆国との間の相互協力及び安全保障条約第六条に基づく施設及び区域並びに日本国における合衆国軍隊の地位に関する協定等の実施に伴う電気通信事業法等の特例に関する法律 ... done
[965/8993] 日本国とアメリカ合衆国との間の相互協力及び安全保障条約第六条に基づく施設及び区域並びに日本国における合衆国軍隊の地位に関する協定の実施に伴う電波法の特例に関する法律 ... done
[966/8993] 日本国とアメリカ合衆国との間の相互協力及び安全保障条約第六条に基づく施設及び区域並びに日本国における合衆国軍隊の地位に関する協定の実施に伴う国有の財産の管理に関する法律 ... done
[967/8993] 日本国とアメリカ合衆国との間の相互協力及び安全保障条約第六条に基づく施設及び区域並びに日本国における合衆国軍隊の地位に関する協定の実施に伴う所得税法等の臨時特例に関する法律 ... done
[968/8993] 日本国とアメリカ合衆国との間の相互協力及び安全保障条約第六条に基づく施設及び区域並びに日本国における合衆国軍隊の地位に関する協定の実施に伴う関税法等の臨時特例に関する法律 ... done
[969/8993] 日本国とアメリカ合衆国との間の相互協力及び安全保障条約第六条に基づく施設及び区域並びに日本国における合衆国軍隊の地位に関する協定の実施に伴う国税通則法等の臨時特例に関する法律 ... done
[970/8993] 日本国とアメリカ合衆国との間の相互協力及び安全保障条約第六条に基づく施設及び区域並びに日本国における合衆国軍隊の地位に関する協定の実施に伴うたばこ事業法等の臨時特例に関する法律 ... done
[971/8993] 公務員等の懲戒免除等に関する法律 ... done
[972/8993] 日本国とアメリカ合衆国との間の相互協力及び安全保障条約第六条に基づく施設及び区域並びに日本国における合衆国軍隊の地位に関する協定の実施に伴う地方税法の臨時特例に関する法律 ... done
[973/8993] ポツダム宣言の受諾に伴い発する命令に関する件に基く厚生省関係諸命令の措置に関する法律 ... done
[974/8993] 日本国とアメリカ合衆国との間の相互協力及び安全保障条約第六条に基づく施設及び区域並びに日本国における合衆国軍隊の地位に関する協定の実施に伴う民事特別法 ... done
[975/8993] 日本国とアメリカ合衆国との間の相互協力及び安全保障条約第六条に基づく施設及び区域並びに日本国における合衆国軍隊の地位に関する協定の実施に伴う郵便法の特例に関する法律 ... done
[976/8993] 日本国とアメリカ合衆国との間の相互協力及び安全保障条約第六条に基づく施設及び区域並びに日本国における合衆国軍隊の地位に関する協定及び日本国における国際連合の軍隊の地位に関する協定の実施に伴う道路運送法等の特例に関する法律 ... done
[977/8993] 日本国とアメリカ合衆国との間の相互協力及び安全保障条約第六条に基づく施設及び区域並びに日本国における合衆国軍隊の地位に関する協定及び日本国における国際連合の軍隊の地位に関する協定の実施に伴う水先法の特例に関する法律 ... done
[978/8993] ポツダム宣言の受諾に伴い発する命令に関する件に基く外務省関係諸命令の措置に関する法律 ... done
[979/8993] 戦傷病者戦没者遺族等援護法 ... done
[980/8993] ポツダム宣言の受諾に伴い発する命令に関する件に基く法務府関係諸命令の措置に関する法律 ... done
[981/8993] 日本国とアメリカ合衆国との間の相互協力及び安全保障条約第六条に基づく施設及び区域並びに日本国における合衆国軍隊の地位に関する協定の実施に伴う刑事特別法 ... done
[982/8993] 日本国とアメリカ合衆国との間の相互協力及び安全保障条約第六条に基づく施設及び区域並びに日本国における合衆国軍隊の地位に関する協定の実施に伴う土地等の使用等に関する特別措置法 ... done
[983/8993] 気象業務法 ... done
[984/8993] 日本国との平和条約の効力の発生及び日本国とアメリカ合衆国との間の安全保障条約第三条に基く行政協定の実施等に伴い国家公務員法等の一部を改正する等の法律 ... done
[985/8993] 外国の領事官に交付する認可状の認証に関する法律 ... done
[986/8993] 公共工事の前払金保証事業に関する法律 ... done
[987/8993] 長期信用銀行法 ... done
[988/8993] 国際通貨基金及び国際復興開発銀行への加盟に伴う措置に関する法律 ... done
[989/8993] 貸付信託法 ... done
[990/8993] 外国軍用艦船等に関する検疫法特例 ... done
[991/8993] ユネスコ活動に関する法律 ... done
[992/8993] 国有財産特別措置法 ... done
[993/8993] 農地法 ... done
[994/8993] 農地法施行法 ... done
[995/8993] 航空法 ... done
[996/8993] 日本国とアメリカ合衆国との間の相互協力及び安全保障条約第六条に基づく施設及び区域並びに日本国における合衆国軍隊の地位に関する協定及び日本国における国際連合の軍隊の地位に関する協定の実施に伴う航空法の特例に関する法律 ... done
[997/8993] 航空機製造事業法 ... done
[998/8993] 破壊活動防止法 ... done
[999/8993] 公安調査庁設置法 ... done
[1000/8993] 公安審査委員会設置法 ... done
[1001/8993] 日本国とアメリカ合衆国との間の相互協力及び安全保障条約に基づき日本国にあるアメリカ合衆国の軍隊の水面の使用に伴う漁船の操業制限等に関する法律 ... done
[1002/8993] 内閣法制局設置法 ... done
[1003/8993] 防衛省の職員の給与等に関する法律 ... done
[1004/8993] 地方公営企業等の労働関係に関する法律 ... done
[1005/8993] 地方公営企業法 ... done
[1006/8993] 輸出入取引法 ... done
[1007/8993] 連合国及び連合国民の著作権の特例に関する法律 ... done
[1008/8993] 地方制度調査会設置法 ... done
[1009/8993] 国際連合の決議に基く民生事業のため必要な物品の無償譲渡に関する法律 ... done
[1010/8993] 中小漁業融資保証法 ... done
[1011/8993] 道路交通事業抵当法 ... done
[1012/8993] 旅行業法 ... done
[1013/8993] 企業合理化促進法 ... done
[1014/8993] 漁船損害等補償法 ... done
[1015/8993] 特殊土壌地帯災害防除及び振興臨時措置法 ... done
[1016/8993] 内航海運業法 ... done
[1017/8993] 宅地建物取引業法 ... done
[1018/8993] 道路法 ... done
[1019/8993] 道路法施行法 ... done
[1020/8993] 離島航路整備法 ... done
[1021/8993] 昭和二十三年六月三十日以前に給与事由の生じた恩給の特別措置に関する法律 ... done
[1022/8993] 警察官の職務に協力援助した者の災害給付に関する法律 ... done
[1023/8993] 法廷等の秩序維持に関する法律 ... done
[1024/8993] 義務教育費国庫負担法 ... done
[1025/8993] 日本赤十字社法 ... done
[1026/8993] 飼料需給安定法 ... done
[1027/8993] 農山漁村電気導入促進法 ... done
[1028/8993] 鹿児島県大島郡十島村に関する地方自治法の適用及びこれに伴う経過措置に関する政令 ... done
[1029/8993] 親族、相続等につき鹿児島県大島郡十島村に関する暫定措置の特例を定める政令 ... done
[1030/8993] 鹿児島県大島郡十島村に関する文部省関係法令の適用及びこれに伴う経過措置等に関する政令 ... done
[1031/8993] 博物館法施行令 ... done
[1032/8993] 鹿児島県大島郡十島村に関する所得税法等の適用及びこれに伴う経過措置に関する政令 ... done
[1033/8993] 鹿児島県大島郡十島村の区域に関する法令の適用に関する政令 ... done
[1034/8993] 国土調査法施行令 ... done
[1035/8993] 漁船損害等補償法施行令 ... done
[1036/8993] 領事官の徴収する手数料に関する政令 ... done
[1037/8993] 旧外貨債処理法による借換済外貨債の証券の一部の有効化等に関する法律施行令 ... done
[1038/8993] 外務人事審議会令 ... done
[1039/8993] 鹿児島県大島郡十島村に関する鉱業法等の適用及びこれに伴う経過措置に関する政令 ... done
[1040/8993] 日本国とアメリカ合衆国との間の相互協力及び安全保障条約第六条に基づく施設及び区域並びに日本国における合衆国軍隊の地位に関する協定の実施に伴う所得税法等の臨時特例に関する法律施行令 ... done
[1041/8993] 日本国とアメリカ合衆国との間の相互協力及び安全保障条約第六条に基づく施設及び区域並びに日本国における合衆国軍隊の地位に関する協定の実施に伴う関税法等の臨時特例に関する法律施行令 ... done
[1042/8993] 日本国とアメリカ合衆国との間の相互協力及び安全保障条約第六条に基づく施設及び区域並びに日本国における合衆国軍隊の地位に関する協定の実施に伴う外国為替令等の臨時特例に関する政令 ... done
[1043/8993] 連合国財産補償法施行令 ... done
[1044/8993] 日本国との平和条約の効力発生に伴う国家公務員等の懲戒免除に関する政令 ... done
[1045/8993] 日本国との平和条約の効力発生に伴う予算執行職員等の弁償責任の減免に関する政令 ... done
[1046/8993] 鹿児島県大島郡十島村に関する恩給法の適用及びこれに伴う経過措置に関する政令 ... done
[1047/8993] 戦傷病者戦没者遺族等援護法施行令 ... done
[1048/8993] 農業改良助長法施行令 ... done
[1049/8993] 日本国とアメリカ合衆国との間の相互協力及び安全保障条約第六条に基づく施設及び区域並びに日本国における合衆国軍隊の地位に関する協定の実施に伴う土地等の使用等に関する特別措置法施行令 ... done
[1050/8993] 公職に関する就職禁止、退職等に関する勅令等の廃止に関する法律及び教職員の除去、就職禁止等に関する政令を廃止する法律の規定に基き取得する恩給、年金等を受ける権利又は資格に関する政令 ... done
[1051/8993] 水産資源保護法施行令 ... done
[1052/8993] 貸付信託法施行令 ... done
[1053/8993] ユネスコ活動に関する法律施行令 ... done
[1054/8993] 鹿児島県大島郡十島村に関する国家公務員共済組合法等の適用及びこれに伴う経過措置に関する政令 ... done
[1055/8993] 道路交通事業抵当法施行令 ... done
[1056/8993] 国有財産特別措置法施行令 ... done
[1057/8993] 公共工事の前払金保証事業に関する法律施行令 ... done
[1058/8993] 内閣法制局設置法施行令 ... done
[1059/8993] 企業会計審議会令 ... done
[1060/8993] 物価統制令施行令 ... done
[1061/8993] 航空機製造事業法施行令 ... done
[1062/8993] 公認会計士法施行令 ... done
[1063/8993] 連合国財産の返還等に関する政令第二条第二項第一号に掲げる政令で定める国を定める政令 ... done
[1064/8993] 防衛省の職員の給与等に関する法律施行令 ... done
[1065/8993] 公正取引委員会事務総局組織令 ... done
[1066/8993] 宮内庁組織令 ... done
[1067/8993] 地方公営企業法施行令 ... done
[1068/8993] 産業教育振興法施行令 ... done
[1069/8993] 航空法施行令 ... done
[1070/8993] 在外公館に勤務する外務公務員の特殊語学手当に関する政令 ... done
[1071/8993] 警察官の職務に協力援助した者の災害給付に関する法律施行令 ... done
[1072/8993] 援護審査会令 ... done
[1073/8993] 農地法施行令 ... done
[1074/8993] 鹿児島県大島郡十島村の区域に関する法令の適用の経過措置に関する政令 ... done
[1075/8993] 地方制度調査会令 ... done
[1076/8993] 気象業務法施行令 ... done
[1077/8993] 外務公務員法施行令 ... done
[1078/8993] 道路法施行令 ... done
[1079/8993] 破壊活動防止法施行規則 ... done
[1080/8993] 内閣府所管旅費取扱規則 ... done
[1081/8993] 日本国とアメリカ合衆国との間の相互協力及び安全保障条約第六条に基づく施設及び区域並びに日本国における合衆国軍隊の地位に関する協定の実施に伴う土地等の使用等に関する特別措置法施行規則 ... done
[1082/8993] 日本国とアメリカ合衆国との間の相互協力及び安全保障条約に基づき日本国にあるアメリカ合衆国の軍隊の水面の使用に伴う漁船の操業制限等に関する法律施行規則 ... done
[1083/8993] 基準点測量基礎計画 ... done
[1084/8993] 地方公営企業法施行規則 ... done
[1085/8993] 地方公営企業資産再評価規則 ... done
[1086/8993] 道路交通事業抵当登記規則 ... done
[1087/8993] 領事官の徴収する手数料の額を定める省令 ... done
[1088/8993] 外務省本省に勤務する外務職員の範囲を定める省令 ... done
[1089/8993] 外務職員の公の名称に関する省令 ... done
[1090/8993] 調査報告に関する規則 ... done
[1091/8993] 外務職員の研修に関する省令 ... done
[1092/8993] 査察使に関する省令 ... done
[1093/8993] 在外公館に勤務する外務公務員の特殊語学手当に関する政令施行規則 ... done
[1094/8993] 支出負担行為等取扱規則 ... done
[1095/8993] 在外公館等借入金返済実施規程 ... done
[1096/8993] 在外公館等借入金の提供地域の区分に関する省令 ... done
[1097/8993] 旧外貨債処理法による借換済外貨債の証券の一部の有効化等に関する法律施行令に規定する書類の様式及び記載事項を定める省令 ... done
[1098/8993] 国債証券の分割の一部停止等に関する省令 ... done
[1099/8993] 連合国財産補償法施行規則 ... done
[1100/8993] 遺族国庫債券の発行交付等に関する省令 ... done
[1101/8993] 遺族国庫債券の担保権の設定に関する省令 ... done
[1102/8993] 割増金の徴収等に関する省令 ... done
[1103/8993] 日本銀行の本邦外における外貨債の特別取扱に関する省令 ... done
[1104/8993] 歳入徴収官事務規程 ... done
[1105/8993] 学校基本調査規則 ... done
[1106/8993] 学校保健統計調査規則 ... done
[1107/8993] 日本ユネスコ国内委員会専門小委員会組織規程 ... done
[1108/8993] 薬事工業生産動態統計調査規則 ... done
[1109/8993] 死産届書、死産証書及び死胎検案書に関する省令 ... done
[1110/8993] 戦傷病者戦没者遺族等援護法施行規則 ... done
[1111/8993] 母体保護法施行規則 ... done
[1112/8993] 日本赤十字社法施行規則 ... done
[1113/8993] 検疫所長等服制 ... done
[1114/8993] 出生証明書の様式等を定める省令 ... done
[1115/8993] 中小企業等協同組合法等による倉荷証券発行許可等に関する省令 ... done
[1116/8993] 自動車登録官及び自動車検査官の任命、服務及び研修に関する規則 ... done
[1117/8993] 運輸審議会一般規則 ... done
[1118/8993] 内航海運業法施行規則 ... done
[1119/8993] 空港管理規則 ... done
[1120/8993] 航空法施行規則 ... done
[1121/8993] 離島航路整備法施行規則 ... done
[1122/8993] 船舶区画規程 ... done
[1123/8993] 気象業務法施行規則 ... done
[1124/8993] 連合国財産の返還の請求の手続等に関する命令 ... done
[1125/8993] 電波監理審議会規則 ... done
[1126/8993] 労働基準法第十八条第四項の規定に基づき使用者が労働者の預金を受け入れる場合の利率を定める省令 ... done
[1127/8993] 公共工事の前払金保証事業に関する法律施行規則 ... done
[1128/8993] 道路法施行規則 ... done
[1129/8993] 道路交通事業抵当法施行規則 ... done
[1130/8993] 漁船損害等補償法施行規則 ... done
[1131/8993] 水産資源保護法施行規則 ... done
[1132/8993] 海面漁業生産統計調査規則 ... done
[1133/8993] 農地法施行規則 ... done
[1134/8993] 企業合理化促進法施行規則 ... done
[1135/8993] 計算証明規則 ... done
[1136/8993] 合衆国軍隊等の証明の様式に関する地方財政委員会規則 ... done
[1137/8993] 身分証明証票規則 ... done
[1138/8993] 国宝、重要文化財又は重要有形民俗文化財の出品又は公開に起因する損失の補償に関する規則 ... done
[1139/8993] 日本ユネスコ国内委員会運営規則 ... done
[1140/8993] 人事院規則九―一三（休職者の給与） ... done
[1141/8993] 人事院規則一一―四（職員の身分保障） ... done
[1142/8993] 人事院規則一二―〇（職員の懲戒） ... done
[1143/8993] 外航船舶建造融資利子補給臨時措置法 ... done
[1144/8993] 酒税法 ... done
[1145/8993] 酒税の保全及び酒類業組合等に関する法律 ... done
[1146/8993] 麻薬及び向精神薬取締法 ... done
[1147/8993] 国際復興開発銀行等からの外資の受入に関する特別措置に関する法律 ... done
[1148/8993] 金管理法 ... done
[1149/8993] 航空機抵当法 ... done
[1150/8993] 逃亡犯罪人引渡法 ... done
[1151/8993] 地方青少年問題協議会法 ... done
[1152/8993] 消防施設強化促進法 ... done
[1153/8993] 有線電気通信法 ... done
[1154/8993] 有線電気通信法及び公衆電気通信法施行法 ... done
[1155/8993] と畜場法 ... done
[1156/8993] 武器等製造法 ... done
[1157/8993] 臨時船舶建造調整法 ... done
[1158/8993] 元南西諸島官公署職員等の身分、恩給等の特別措置に関する法律 ... done
[1159/8993] 昭和二十七年十月三十一日以前に給与事由の生じた恩給等の年額の改定に関する法律 ... done
[1160/8993] 昭和二十三年六月三十日以前に給付事由の生じた国家公務員共済組合法等の規定による年金の特別措置に関する法律 ... done
[1161/8993] 昭和二十七年度における給与の改訂に伴う国家公務員共済組合法等の規定による年金の額の改定に関する法律 ... done
[1162/8993] 未帰還者留守家族等援護法 ... done
[1163/8993] 港湾整備促進法 ... done
[1164/8993] 電気事業及び石炭鉱業における争議行為の方法の規制に関する法律 ... done
[1165/8993] 信用保証協会法 ... done
[1166/8993] 一般財団法人日本遺族会に対する国有財産の無償貸付け等に関する法律 ... done
[1167/8993] 社会保険審査官及び社会保険審査会法 ... done
[1168/8993] 国の援助等を必要とする帰国者に関する領事官の職務等に関する法律 ... done
[1169/8993] 私立学校教職員共済法 ... done
[1170/8993] 日本国に駐留するアメリカ合衆国軍隊等の行為による特別損失の補償に関する法律 ... done
[1171/8993] 公立学校施設災害復旧費国庫負担法 ... done
[1172/8993] 久六島周辺における漁業についての漁業法の特例に関する法律 ... done
[1173/8993] 日本国における国際連合の軍隊に対する刑事裁判権の行使に関する議定書の実施に伴う刑事特別法 ... done
[1174/8993] 奄美群島の復帰に伴う法令の適用の暫定措置等に関する法律 ... done
[1175/8993] 労働金庫法 ... done
[1176/8993] 海上保安官に協力援助した者等の災害給付に関する法律 ... done
[1177/8993] 飼料の安全性の確保及び品質の改善に関する法律 ... done
[1178/8993] 国会における各会派に対する立法事務費の交付に関する法律 ... done
[1179/8993] 北海道防寒住宅建設等促進法 ... done
[1180/8993] 離島振興法 ... done
[1181/8993] 商工会議所法 ... done
[1182/8993] 鉄道軌道整備法 ... done
[1183/8993] 国家公務員退職手当法 ... done
[1184/8993] 学校図書館法 ... done
[1185/8993] 理科教育振興法 ... done
[1186/8993] 財団法人労働科学研究所に対する国有財産の譲与に関する法律 ... done
[1187/8993] 高等学校の定時制教育及び通信教育振興法 ... done
[1188/8993] 昭和二十三年六月三十日以前に給与事由の生じた恩給の特別措置に関する法律の規定による恩給年額の改定期月を定める政令 ... done
[1189/8993] 中小漁業融資保証法施行令 ... done
[1190/8993] 酒税の保全及び酒類業組合等に関する法律施行令 ... done
[1191/8993] 農山漁村電気導入促進法施行令 ... done
[1192/8993] 麻薬及び向精神薬取締法施行令 ... done
[1193/8993] 海上保安官に協力援助した者等の災害給付に関する法律施行令 ... done
[1194/8993] 消防施設強化促進法施行令 ... done
[1195/8993] 有線電気通信法施行令 ... done
[1196/8993] 有線電気通信設備令 ... done
[1197/8993] 貿易保険法施行令 ... done
[1198/8993] 金管理法施行令 ... done
[1199/8993] 農地法による不動産登記に関する政令 ... done
[1200/8993] 臨時船舶建造調整法施行令 ... done
[1201/8993] 社会保険審査官及び社会保険審査会法施行令 ... done
[1202/8993] 武器等製造法施行令 ... done
[1203/8993] 国の援助等を必要とする帰国者に関する領事官の職務等に関する法律施行令 ... done
[1204/8993] 未帰還者留守家族等援護法施行令 ... done
[1205/8993] 国家公務員退職手当法施行令 ... done
[1206/8993] と畜場法施行令 ... done
[1207/8993] 食品衛生法施行令 ... done
[1208/8993] 栄養士法施行令 ... done
[1209/8993] 理容師法施行令 ... done
[1210/8993] クリーニング業法施行令 ... done
[1211/8993] 家畜伝染病予防法施行令 ... done
[1212/8993] 狂犬病予防法施行令 ... done
[1213/8993] 水難救護法施行令 ... done
[1214/8993] 船員保険法施行令 ... done
[1215/8993] 職業安定法施行令 ... done
[1216/8993] 輸出入取引審議会令 ... done
[1217/8993] 家畜商法施行令 ... done
[1218/8993] 小型自動車競走法施行令 ... done
[1219/8993] モーターボート競走法施行令 ... done
[1220/8993] 軌道法に規定する国土交通大臣の権限に属する事務で都道府県が処理するもの等を定める政令 ... done
[1221/8993] 軌道法施行令 ... done
[1222/8993] 小型漁船の総トン数の測度に関する政令 ... done
[1223/8993] 船員法第百四条第一項の規定により市町村が処理する事務に関する政令 ... done
[1224/8993] 私的独占の禁止及び公正取引の確保に関する法律第四十七条第二項の審査官の指定に関する政令 ... done
[1225/8993] 信用保証協会法施行令 ... done
[1226/8993] 港湾整備促進法施行令 ... done
[1227/8993] 日本国とアメリカ合衆国との間の相互協力及び安全保障条約第六条に基づく施設及び区域並びに日本国における合衆国軍隊の地位に関する協定の実施に伴う国有の財産の管理に関する法律施行令 ... done
[1228/8993] 航空機登録令 ... done
[1229/8993] 他の都府県又は他の都府県内の公共団体に砂防工事の費用を負担させる場合の手続に関する政令 ... done
[1230/8993] 商工会議所法施行令 ... done
[1231/8993] 元南西諸島官公署職員等の身分、恩給等の特別措置に関する法律施行令 ... done
[1232/8993] 学校教育法施行令 ... done
[1233/8993] 押収物還付等公告令 ... done
[1234/8993] 日本国に駐留するアメリカ合衆国軍隊等の行為による特別損失の補償に関する法律施行令 ... done
[1235/8993] 公立学校施設災害復旧費国庫負担法施行令 ... done
[1236/8993] 死体解剖保存法施行令 ... done
[1237/8993] 医師法施行令 ... done
[1238/8993] 歯科医師法施行令 ... done
[1239/8993] 診療放射線技師法施行令 ... done
[1240/8993] 保健師助産師看護師法施行令 ... done
[1241/8993] 奄美群島の復帰に伴う琉球政府の職員の引継の暫定措置等に関する政令 ... done
[1242/8993] 奄美群島の復帰に伴う自治省関係法令の適用の暫定措置等に関する政令 ... done
[1243/8993] 奄美群島の復帰に伴う警察消防関係法令の適用の経過措置に関する政令 ... done
[1244/8993] 奄美群島の復帰に伴う法務省関係法令の適用の経過措置等に関する政令 ... done
[1245/8993] 奄美群島の復帰に伴うたばこ専売法等の適用の暫定措置等に関する政令 ... done
[1246/8993] 奄美群島の復帰に伴う国税関係法令の適用の暫定措置等に関する政令 ... done
[1247/8993] 奄美群島の復帰に伴う通貨及び債権等の措置に関する政令 ... done
[1248/8993] 奄美群島の復帰に伴う文部省関係法令の適用の暫定措置等に関する政令 ... done
[1249/8993] 奄美群島の復帰に伴う厚生省関係法律の適用の経過措置に関する政令 ... done
[1250/8993] 奄美群島の復帰に伴う農林省関係法令の適用の暫定措置等に関する政令 ... done
[1251/8993] 奄美群島の復帰に伴う通商産業省関係の法律の適用の暫定措置等に関する政令 ... done
[1252/8993] 奄美群島の復帰に伴う運輸省関係法令の適用の暫定措置等に関する政令 ... done
[1253/8993] 奄美群島の復帰に伴う郵政省関係法令の適用の暫定措置等に関する政令 ... done
[1254/8993] 奄美群島の復帰に伴う労働省関係法令の適用の暫定措置等に関する政令 ... done
[1255/8993] 奄美群島の復帰に伴う建設省関係法律の適用の経過措置に関する政令 ... done
[1256/8993] 私立学校教職員共済法施行令 ... done
[1257/8993] 水基本調査作業規程準則 ... done
[1258/8993] 水基本調査基礎計画 ... done
[1259/8993] 日本国に駐留するアメリカ合衆国軍隊等の行為による特別損失の補償に関する法律施行規則 ... done
[1260/8993] 恩給給与細則 ... done
[1261/8993] 元南西諸島官公署職員等の身分、恩給等の特別措置に関する法律施行規則 ... done
[1262/8993] 地方税法第三百八十九条第一項の規定により道府県知事又は総務大臣が決定する固定資産の価格の配分に関する規則 ... done
[1263/8993] 連続式蒸留機の新設及び拡張の臨時制限に関する省令 ... done
[1264/8993] 酒税の保全及び酒類業組合等に関する法律施行規則 ... done
[1265/8993] 閉鎖機関の調整勘定受益権の信託等に関する省令 ... done
[1266/8993] 金融商品取引法第百六十一条の二に規定する取引及びその保証金に関する内閣府令 ... done
[1267/8993] 学位規則 ... done
[1268/8993] 学校教員統計調査規則 ... done
[1269/8993] 私立学校教職員共済法施行規則 ... done
[1270/8993] 麻薬及び向精神薬取締法施行規則 ... done
[1271/8993] 医療施設調査規則 ... done
[1272/8993] 患者調査規則 ... done
[1273/8993] 戦傷病者戦没者遺族等援護法の一部を改正する法律により増額される障害年金及び遺族年金の額の改定に関する省令 ... done
[1274/8993] 未帰還者留守家族等援護法施行規則 ... done
[1275/8993] 社会保険審査官及び社会保険審査会法施行規則 ... done
[1276/8993] と畜場法施行規則 ... done
[1277/8993] 国立公園集団施設地区等管理規則 ... done
[1278/8993] 地域保健法施行規則 ... done
[1279/8993] 経済産業省生産動態統計調査規則 ... done
[1280/8993] 商業動態統計調査規則 ... done
[1281/8993] 武器等製造法施行規則 ... done
[1282/8993] 商工会議所法施行規則 ... done
[1283/8993] 奄美群島の復帰に伴う通商産業省関係の法律の適用の暫定措置等に関する政令の施行に伴う鉱業権の設定の出願の手続等に関する省令 ... done
[1284/8993] 金管理法第五条第二項の規定に基づく立入検査をする職員の携帯する身分を示す証票の書式を定める省令 ... done
[1285/8993] 信用保証協会法施行規則 ... done
[1286/8993] 臨時船舶建造調整法施行規則 ... done
[1287/8993] 小型漁船の総トン数の測度に関する省令 ... done
[1288/8993] 航空機登録規則 ... done
[1289/8993] 外航船舶建造融資利子補給臨時措置法施行規則 ... done
[1290/8993] 気象測器等委託検定規則 ... done
[1291/8993] 鉄道軌道整備法施行規則 ... done
[1292/8993] 有線電気通信法施行規則 ... done
[1293/8993] 北海道防寒住宅建設等促進法施行規則 ... done
[1294/8993] 一般自動車道構造設備規則 ... done
[1295/8993] 飼料需給安定法施行規則 ... done
[1296/8993] 農山漁村電気導入促進法施行規則 ... done
[1297/8993] 森林保険法施行規則 ... done
[1298/8993] 私的独占の禁止及び公正取引の確保に関する法律第九条から第十六条までの規定による認可の申請、報告及び届出等に関する規則 ... done
[1299/8993] 再販売価格維持契約の届出に関する規則 ... done
[1300/8993] 公安審査委員会審査規則 ... done
[1301/8993] 人事院規則九―七（俸給等の支給） ... done
[1302/8993] 国税収納金整理資金に関する法律 ... done
[1303/8993] ガス事業法 ... done
[1304/8993] 関税法 ... done
[1305/8993] 刑事訴訟法第百九十四条に基く懲戒処分に関する法律 ... done
[1306/8993] 日本銀行券預入令等を廃止する法律 ... done
[1307/8993] あへん法 ... done
[1308/8993] 株式会社日本政策金融公庫が行う恩給担保金融に関する法律 ... done
[1309/8993] 建設機械抵当法 ... done
[1310/8993] 利息制限法 ... done
[1311/8993] 軍事郵便貯金等特別処理法 ... done
[1312/8993] 国の所有に属する自動車等の交換に関する法律 ... done
[1313/8993] 株式会社以外の法人の再評価積立金の資本組入に関する法律 ... done
[1314/8993] 日本国とアメリカ合衆国との間の相互防衛援助協定の実施に伴う関税法等の臨時特例に関する法律 ... done
[1315/8993] 交通事件即決裁判手続法 ... done
[1316/8993] 厚生年金保険法 ... done
[1317/8993] 土地区画整理法 ... done
[1318/8993] 土地区画整理法施行法 ... done
[1319/8993] へき地教育振興法 ... done
[1320/8993] 特別支援学校への就学奨励に関する法律 ... done
[1321/8993] 日本国における国際連合の軍隊の地位に関する協定の実施に伴う土地等の使用及び漁船の操業制限等に関する法律 ... done
[1322/8993] 日本国における国際連合の軍隊の地位に関する協定の実施に伴う所得税法等の臨時特例に関する法律 ... done
[1323/8993] 国際連合の軍隊に関する民事特別法の適用に関する法律 ... done
[1324/8993] 日本国における国際連合の軍隊の地位に関する協定の実施に伴う刑事特別法 ... done
[1325/8993] 義務教育諸学校における教育の政治的中立の確保に関する臨時措置法 ... done
[1326/8993] 学校給食法 ... done
[1327/8993] 警察法 ... done
[1328/8993] 防衛省設置法 ... done
[1329/8993] 自衛隊法 ... done
[1330/8993] 日米相互防衛援助協定等に伴う秘密保護法 ... done
[1331/8993] 酪農及び肉用牛生産の振興に関する法律 ... done
[1332/8993] 日本国における国際連合の軍隊の地位に関する協定の実施に伴う地方税法の臨時特例に関する法律 ... done
[1333/8993] 遺産、相続及び贈与に対する租税に関する二重課税の回避及び脱税の防止のための日本国とアメリカ合衆国との間の条約の実施に伴う相続税法の特例等に関する法律 ... done
[1334/8993] 出資の受入れ、預り金及び金利等の取締りに関する法律 ... done
[1335/8993] 日本中央競馬会法 ... done
[1336/8993] 輸出水産業の振興に関する法律 ... done
[1337/8993] 奄美群島振興開発特別措置法 ... done
[1338/8993] 国有の炭鉱医療施設の譲渡及び貸付に関する特例法 ... done
[1339/8993] 国税収納金整理資金に関する法律施行令 ... done
[1340/8993] ガス事業法施行令 ... done
[1341/8993] 日本国とアメリカ合衆国との間の相互防衛援助協定の実施に伴う関税法等の臨時特例に関する法律施行令 ... done
[1342/8993] 厚生年金保険法施行令 ... done
[1343/8993] 国有林野の管理経営に関する法律施行令 ... done
[1344/8993] 日本国における国際連合の軍隊の地位に関する協定の実施に伴う所得税法等の臨時特例に関する法律施行令 ... done
[1345/8993] 日本国における国際連合の軍隊の地位に関する協定の実施に伴う外国為替令等の臨時特例に関する政令 ... done
[1346/8993] 日本銀行券預入令等を廃止する法律施行令 ... done
[1347/8993] 義務教育諸学校における教育の政治的中立の確保に関する臨時措置法第五条の請求の手続を定める政令 ... done
[1348/8993] 日米相互防衛援助協定等に伴う秘密保護法施行令 ... done
[1349/8993] 関税法施行令 ... done
[1350/8993] 警察法施行令 ... done
[1351/8993] 関税定率法施行令 ... done
[1352/8993] 特別支援学校への就学奨励に関する法律施行令 ... done
[1353/8993] 税関関係手数料令 ... done
[1354/8993] 防衛省組織令 ... done
[1355/8993] 自衛隊法施行令 ... done
[1356/8993] 警察庁組織令 ... done
[1357/8993] 国債の元利金の支払の特例に関する政令 ... done
[1358/8993] へき地教育振興法施行令 ... done
[1359/8993] 学校給食法施行令 ... done
[1360/8993] 酪農及び肉用牛生産の振興に関する法律施行令 ... done
[1361/8993] 奄美群島振興開発特別措置法施行令 ... done
[1362/8993] 日本中央競馬会法施行令 ... done
[1363/8993] あへんの売渡価格を定める政令 ... done
[1364/8993] 建設機械抵当法施行令 ... done
[1365/8993] 輸出水産業の振興に関する法律施行令 ... done
[1366/8993] 建設機械登記令 ... done
[1367/8993] 理科教育振興法施行令 ... done
[1368/8993] 高等学校の定時制教育及び通信教育振興法施行令 ... done
[1369/8993] 地方税法施行規則 ... done
[1370/8993] 土地分類基本調査基礎計画 ... done
[1371/8993] 防衛大学校、防衛医科大学校、防衛研究所及び防衛監察本部組織規則 ... done
[1372/8993] 自衛隊法施行規則 ... done
[1373/8993] 警察法施行規則 ... done
[1374/8993] 地形調査作業規程準則 ... done
[1375/8993] 日本国における国際連合の軍隊の地位に関する協定の実施に伴う地方税法の臨時特例に関する法律第四条の規定に基く国際連合の軍隊等の証明の様式に関する総理府令 ... done
[1376/8993] 特需契約から生ずる紛争の調停付託手続等に関する省令 ... done
[1377/8993] 日本国内にある国際連合の軍隊により損害を受けた者に対する補償金並びに見舞金の支給等に関する省令 ... done
[1378/8993] 表層地質調査作業規程準則 ... done
[1379/8993] 自衛隊の使用する船舶における火薬類の貯蔵等に関する省令 ... done
[1380/8993] 水位及び流量調査作業規程準則 ... done
[1381/8993] 降水量調査作業規程準則 ... done
[1382/8993] 保護司実費弁償金支給規則 ... done
[1383/8993] 在外公館に勤務する外務公務員の休暇帰国に関する省令 ... done
[1384/8993] 閉鎖機関の未払送金為替に係る債務、退職金その他の債務等を定める省令 ... done
[1385/8993] 国税収納金整理資金事務取扱規則 ... done
[1386/8993] 引揚者の携帯した旧日本銀行券の立証手続に関する省令 ... done
[1387/8993] 税関職員の身分を示す証票等の書式に関する省令 ... done
[1388/8993] 国債の元利金の支払の特例等に関する省令 ... done
[1389/8993] 元南西諸島官公署職員に係る国家公務員共済組合法の規定による年金等の請求手続等の特例に関する命令 ... done
[1390/8993] 特別支援学校への就学奨励に関する法律施行規則 ... done
[1391/8993] 学校図書館司書教諭講習規程 ... done
[1392/8993] 教育映像等審査規程 ... done
[1393/8993] 学校給食法施行規則 ... done
[1394/8993] 教育職員免許法施行規則 ... done
[1395/8993] 教育職員免許法施行法施行規則 ... done
[1396/8993] 理科教育のための設備の基準に関する細目を定める省令 ... done
[1397/8993] あへん法施行規則 ... done
[1398/8993] 厚生年金保険法施行規則 ... done
[1399/8993] ガス事業会計規則 ... done
[1400/8993] 航空機製造事業法施行規則 ... done
[1401/8993] 気象等証明及び鑑定規則 ... done
[1402/8993] 鉄道車両等生産動態統計調査規則 ... done
[1403/8993] 軌道運転規則 ... done
[1404/8993] 逓信共済組合の組合員であつた元南西諸島官公署職員の取扱に関する命令 ... done
[1405/8993] 年少者労働基準規則 ... done
[1406/8993] 建設機械抵当法施行規則 ... done
[1407/8993] 酪農及び肉用牛生産の振興に関する法律施行規則 ... done
[1408/8993] 競馬法施行規則 ... done
[1409/8993] 日本中央競馬会法施行規則 ... done
[1410/8993] 輸出水産業の振興に関する法律施行規則 ... done
[1411/8993] 国家公安委員会運営規則 ... done
[1412/8993] 従前の国家公安委員会のした定の効力の経過措置に関する規則 ... done
[1413/8993] 警察手帳規則 ... done
[1414/8993] 刑事訴訟法第百八十九条第一項および第百九十九条第二項の規定に基づく司法警察員等の指定に関する規則 ... done
[1415/8993] 警察職員の服務の宣誓に関する規則 ... done
[1416/8993] 府県情報通信部等の位置及び内部組織に関する規則 ... done
[1417/8993] 警察礼式 ... done
[1418/8993] 警察表彰規則 ... done
[1419/8993] 移動警察規則 ... done
[1420/8993] 地方警務官の懲戒の取扱に関する規程 ... done
[1421/8993] 会計検査院事務総局定員規則 ... done
[1422/8993] 国宝又は重要文化財の現状変更等及び輸出並びに重要有形民俗文化財の輸出の許可申請等に関する規則 ... done
[1423/8993] 国宝又は重要文化財の修理の届出に関する規則 ... done
[1424/8993] 埋蔵文化財の発掘又は遺跡の発見の届出等に関する規則 ... done
[1425/8993] 史跡名勝天然記念物標識等設置基準規則 ... done
[1426/8993] 特別史跡名勝天然記念物又は史跡名勝天然記念物の復旧の届出に関する規則 ... done
[1427/8993] 文化財保護法の規定による処分等に関する聴聞、意見の聴取及び審査請求規則 ... done
[1428/8993] 文化財の保護のための条例の制定等の場合の報告に関する規則 ... done
[1429/8993] 輸入品に対する内国消費税の徴収等に関する法律 ... done
[1430/8993] 住宅融資保険法 ... done
[1431/8993] 昭和二十七年九月三十日以前に給与事由の生じた旧財団法人私学恩給財団の年金の特別措置に関する法律 ... done
[1432/8993] 自動車損害賠償保障法 ... done
[1433/8993] 地方揮発油税法 ... done
[1434/8993] 地方揮発油譲与税法 ... done
[1435/8993] 歯科技工士法 ... done
[1436/8993] 補助金等に係る予算の執行の適正化に関する法律 ... done
[1437/8993] 原子力委員会設置法 ... done
[1438/8993] 女子教職員の出産に際しての補助教職員の確保に関する法律 ... done
[1439/8993] 財団法人日本海員会館に対する国有の財産の譲与に関する法律 ... done
[1440/8993] 教育公務員特例法附則第二条の規定の適用を受ける公立学校職員等について学校看護婦としての在職を準教育職員としての在職とみなすことに関する法律 ... done
[1441/8993] 天災による被害農林漁業者等に対する資金の融通に関する暫定措置法 ... done
[1442/8993] 養蜂振興法 ... done
[1443/8993] 原子力基本法 ... done
[1444/8993] 鉱害賠償登録令 ... done
[1445/8993] 土地区画整理法施行令 ... done
[1446/8993] 市警察の廃止に伴う経過措置に関する政令 ... done
[1447/8993] 輸入品に対する内国消費税の徴収等に関する法律施行令 ... done
[1448/8993] あへん法施行令 ... done
[1449/8993] 海外交流審議会令 ... done
[1450/8993] 住宅融資保険法施行令 ... done
[1451/8993] 予算執行職員等の責任に関する法律第十条第一項又は第十一条第一項に規定する公庫の現金出納職員又は物品管理職員がその保管に係る現金又は物品を亡失した場合等における報告に関する政令 ... done
[1452/8993] 地方揮発油税法施行令 ... done
[1453/8993] 土地区画整理登記令 ... done
[1454/8993] 歯科技工士法施行令 ... done
[1455/8993] 関税定率法第五条の規定による便益関税の適用に関する政令 ... done
[1456/8993] 輸出入取引法施行令 ... done
[1457/8993] 補助金等に係る予算の執行の適正化に関する法律施行令 ... done
[1458/8993] 毒物及び劇物取締法施行令 ... done
[1459/8993] 恩給法の一部を改正する法律の一部を改正する法律附則第十一項の期間を定める政令 ... done
[1460/8993] 海上運送法施行令 ... done
[1461/8993] 自動車損害賠償保障法施行令 ... done
[1462/8993] 奄美群島の復帰に伴う琉球政府等の職員の恩給等の特別措置に関する政令 ... done
[1463/8993] 自動車事故対策事業賦課金等の金額を定める政令 ... done
[1464/8993] 土じよう調査作業規程準則 ... done
[1465/8993] 内閣府の所管に属する補助金等の事務委任の範囲及びその委任を受ける者を定める内閣府令 ... done
[1466/8993] 鉱害賠償登録規則 ... done
[1467/8993] 供託金の繰替使用に関する事務取扱規程 ... done
[1468/8993] 民間給与実態統計調査規則 ... done
[1469/8993] 歳入歳出外の国庫内移換に関する規則 ... done
[1470/8993] 支出官等が隔地者に支払をする場合等における隔地の範囲を定める省令 ... done
[1471/8993] 証券金融会社に関する内閣府令 ... done
[1472/8993] 公認会計士等の懲戒事件等に関する調書の謄本等の交付に関する内閣府令 ... done
[1473/8993] 公立学校施設災害復旧費国庫負担法施行規則 ... done
[1474/8993] 博物館法施行規則 ... done
[1475/8993] 歯科技工士法施行規則 ... done
[1476/8993] 輸出入取引法に基く輸出の承認に関する省令 ... done
[1477/8993] 鉱業法の一部を改正する法律の施行に伴う鉱業権の設定の手続等に関する省令 ... done
[1478/8993] 自動車損害賠償保障法施行規則 ... done
[1479/8993] 自動車運送事業等監査規則 ... done
[1480/8993] 労働者災害補償保険法施行規則 ... done
[1481/8993] 土地区画整理法施行規則 ... done
[1482/8993] 建設工事統計調査規則 ... done
[1483/8993] 養蜂振興法施行規則 ... done
[1484/8993] 銃器弾丸類取扱規則 ... done
[1485/8993] 偽造通貨取扱規則 ... done
[1486/8993] 警察通信規則 ... done
[1487/8993] 重要無形文化財又は選定保存技術の保持者等の氏名変更等の届出に関する規則 ... done
[1488/8993] 道路整備特別措置法 ... done
[1489/8993] 日本学士院法 ... done
[1490/8993] 就学困難な児童及び生徒に係る就学奨励についての国の援助に関する法律 ... done
[1491/8993] 都市公園法 ... done
[1492/8993] 空港法 ... done
[1493/8993] 国有資産等所在市町村交付金法 ... done
[1494/8993] 首都圏整備法 ... done
[1495/8993] 万国著作権条約の実施に伴う著作権法の特例に関する法律 ... done
[1496/8993] 海岸法 ... done
[1497/8993] 農業改良資金融通法 ... done
[1498/8993] 消防団員等公務災害補償等責任共済等に関する法律 ... done
[1499/8993] 物品管理法 ... done
[1500/8993] 国の債権の管理等に関する法律 ... done
[1501/8993] 売春防止法 ... done
[1502/8993] 製造委託等に係る中小受託事業者に対する代金の支払の遅延等の防止に関する法律 ... done
[1503/8993] 倉庫業法 ... done
[1504/8993] 家畜取引法 ... done
[1505/8993] 労働保険審査官及び労働保険審査会法 ... done
[1506/8993] 国家公務員共済組合法第九十条の規定による公務傷病年金等の額の改定に関する法律 ... done
[1507/8993] 昭和二十三年六月三十日以前に給付事由の生じた国家公務員共済組合法等の規定による年金の額の改定に関する法律 ... done
[1508/8993] 工業用水法 ... done
[1509/8993] 昭和二十三年六月三十日以前に給与事由の生じた恩給等の年額の改定に関する法律 ... done
[1510/8993] 安全な血液製剤の安定供給の確保等に関する法律 ... done
[1511/8993] 地方教育行政の組織及び運営に関する法律 ... done
[1512/8993] 国際金融公社への加盟に伴う措置に関する法律 ... done
[1513/8993] 夜間課程を置く高等学校における学校給食に関する法律 ... done
[1514/8993] 積雪寒冷特別地域における道路交通の確保に関する特別措置法 ... done
[1515/8993] 接収不動産に関する借地借家臨時処理法 ... done
[1516/8993] 旧軍人等の遺族に対する恩給等の特例に関する法律 ... done
[1517/8993] 原子力委員会設置法施行令 ... done
[1518/8993] 奄美群島における自動車抵当法及び道路交通事業抵当法の施行に関する政令 ... done
[1519/8993] 就学困難な児童及び生徒に係る就学奨励についての国の援助に関する法律施行令 ... done
[1520/8993] 国有資産等所在市町村交付金法施行令 ... done
[1521/8993] 農業改良資金融通法施行令 ... done
[1522/8993] 国際復興開発銀行等からの外資の受入に関する特別措置に関する法律に規定する外国政府金融機関を定める政令 ... done
[1523/8993] 倉庫業法施行令 ... done
[1524/8993] 農林水産技術会議令 ... done
[1525/8993] 地方教育行政の組織及び運営に関する法律施行令 ... done
[1526/8993] 空港法施行令 ... done
[1527/8993] 労働保険審査官及び労働保険審査会法施行令 ... done
[1528/8993] 行政執行法人の労働関係に関する法律施行令 ... done
[1529/8993] 地方自治法第二百五十二条の十九第一項の指定都市の指定に関する政令 ... done
[1530/8993] 旅客自動車運送事業用自動車の運転者の要件に関する政令 ... done
[1531/8993] 国の債権者代位権の行使に伴う現金又は有価証券の保管に関する政令 ... done
[1532/8993] 建設業法施行令 ... done
[1533/8993] 化製場等に関する法律施行令 ... done
[1534/8993] 都市公園法施行令 ... done
[1535/8993] 道路整備特別措置法施行令 ... done
[1536/8993] 海岸法施行令 ... done
[1537/8993] 非常勤消防団員等に係る損害補償の基準を定める政令 ... done
[1538/8993] 国の債権の管理等に関する法律施行令 ... done
[1539/8993] 物品管理法施行令 ... done
[1540/8993] 消防団員等公務災害補償等責任共済等に関する法律施行令 ... done
[1541/8993] 旧軍人等の遺族に対する恩給等の特例に関する法律施行令 ... done
[1542/8993] 地方揮発油譲与税法施行規則 ... done
[1543/8993] 国有資産等所在市町村交付金法施行規則 ... done
[1544/8993] アメリカ合衆国軍隊等が行う免税軽油の引取りの手続に関する総理府令 ... done
[1545/8993] 消防団員等公務災害補償等共済基金の会計及び資産の運用その他財務に関する規則 ... done
[1546/8993] 旧軍人等の遺族に対する恩給等の特例に関する法律の規定により給すべき扶助料又は改定すべき扶助料の請求手続に関する省令 ... done
[1547/8993] 補助金等に係る予算の執行の適正化に関する法律第二十三条第二項の証票の書式を定める省令 ... done
[1548/8993] 物品管理法施行規則 ... done
[1549/8993] 債権管理事務取扱規則 ... done
[1550/8993] 大学設置基準 ... done
[1551/8993] 各種学校規程 ... done
[1552/8993] 幼稚園設置基準 ... done
[1553/8993] 歯科技工士学校養成所指定規則 ... done
[1554/8993] 安全な血液製剤の安定供給の確保等に関する法律施行規則 ... done
[1555/8993] 旧軍人等の遺族に対する恩給等の特例に関する法律に基づく事実調査に関する省令 ... done
[1556/8993] 自動車損害賠償保障事業業務委託契約準則 ... done
[1557/8993] 空港法施行規則 ... done
[1558/8993] 動力車操縦者運転免許に関する省令 ... done
[1559/8993] 旅客自動車運送事業運輸規則 ... done
[1560/8993] 倉庫業法施行規則 ... done
[1561/8993] 船舶復原性規則 ... done
[1562/8993] 中小企業労働実態調査規則 ... done
[1563/8993] 労働保険審査官及び労働保険審査会法施行規則 ... done
[1564/8993] 水防功労者表彰規則 ... done
[1565/8993] 道路整備特別措置法施行規則 ... done
[1566/8993] 都市公園法施行規則 ... done
[1567/8993] 農林畜水産業関係補助金等交付規則 ... done
[1568/8993] 家畜取引法施行規則 ... done
[1569/8993] 海岸法施行規則 ... done
[1570/8993] 現場写真の作成及び現場写真記録の取扱に関する規則 ... done
[1571/8993] 警察官の服制に関する規則 ... done
[1572/8993] 皇宮護衛官の服制に関する規則 ... done
[1573/8993] 重要有形民俗文化財指定書規則 ... done
[1574/8993] 人事院規則一―五（特別職） ... done
[1575/8993] 私立大学の研究設備に対する国の補助に関する法律 ... done
[1576/8993] 租税特別措置法 ... 